#
# There is insufficient memory for the Java Runtime Environment to continue.
# Native memory allocation (mmap) failed to map 45088768 bytes for committing reserved memory.
# Possible reasons:
#   The system is out of physical RAM or swap space
#   The process is running with CompressedOops enabled, and the Java Heap may be blocking the growth of the native heap
# Possible solutions:
#   Reduce memory load on the system
#   Increase physical memory or swap space
#   Check if swap backing store is full
#   Decrease Java heap size (-Xmx/-Xms)
#   Decrease number of Java threads
#   Decrease Java thread stack sizes (-Xss)
#   Set larger code cache with -XX:ReservedCodeCacheSize=
#   JVM is running with Unscaled Compressed Oops mode in which the Java heap is
#     placed in the first 4GB address space. The Java Heap base address is the
#     maximum limit for the native heap growth. Please use -XX:HeapBaseMinAddress
#     to set the Java Heap base and to place the Java Heap above 4GB virtual address.
# This output file may be truncated or incomplete.
#
#  Out of Memory Error (os_linux.cpp:2757), pid=10227, tid=0x00007fe50337a700
#
# JRE version: OpenJDK Runtime Environment (8.0_222-b10) (build 1.8.0_222-8u222-b10-1ubuntu1~16.04.1-b10)
# Java VM: OpenJDK 64-Bit Server VM (25.222-b10 mixed mode linux-amd64 compressed oops)
# Failed to write core dump. Core dumps have been disabled. To enable core dumping, try "ulimit -c unlimited" before starting Java again
#

---------------  T H R E A D  ---------------

Current thread (0x00007fe514074800):  VMThread [stack: 0x00007fe50327a000,0x00007fe50337b000] [id=10256]

Stack: [0x00007fe50327a000,0x00007fe50337b000],  sp=0x00007fe5033794e0,  free space=1021k
Native frames: (J=compiled Java code, j=interpreted, Vv=VM code, C=native code)
V  [libjvm.so+0xa7787b]
V  [libjvm.so+0x4caa8c]
V  [libjvm.so+0x8c5da8]
V  [libjvm.so+0x8bd3ee]
V  [libjvm.so+0x93b476]
V  [libjvm.so+0x93c7a3]
V  [libjvm.so+0x938e84]
V  [libjvm.so+0x93911c]
V  [libjvm.so+0x8eaa73]
V  [libjvm.so+0xa79532]
V  [libjvm.so+0xa7e587]
V  [libjvm.so+0xa7bde7]
V  [libjvm.so+0xa7d0cf]
V  [libjvm.so+0xa7d5f2]
V  [libjvm.so+0x8c3102]

VM_Operation (0x00007fe51cf579c0): ParallelGCFailedAllocation, mode: safepoint, requested by thread 0x00007fe51400b000


---------------  P R O C E S S  ---------------

Java Threads: ( => current thread )
  0x00007fe5140ba000 JavaThread "Service Thread" daemon [_thread_blocked, id=10262, stack(0x00007fe502adc000,0x00007fe502bdd000)]
  0x00007fe5140b7000 JavaThread "C1 CompilerThread1" daemon [_thread_blocked, id=10261, stack(0x00007fe502bdd000,0x00007fe502cde000)]
  0x00007fe5140b4800 JavaThread "C2 CompilerThread0" daemon [_thread_blocked, id=10260, stack(0x00007fe502cde000,0x00007fe502ddf000)]
  0x00007fe5140b2800 JavaThread "Signal Dispatcher" daemon [_thread_blocked, id=10259, stack(0x00007fe502ddf000,0x00007fe502ee0000)]
  0x00007fe514080800 JavaThread "Finalizer" daemon [_thread_blocked, id=10258, stack(0x00007fe503078000,0x00007fe503179000)]
  0x00007fe51407e000 JavaThread "Reference Handler" daemon [_thread_blocked, id=10257, stack(0x00007fe503179000,0x00007fe50327a000)]
  0x00007fe51400b000 JavaThread "main" [_thread_blocked, id=10253, stack(0x00007fe51ce5b000,0x00007fe51cf5c000)]

Other Threads:
=>0x00007fe514074800 VMThread [stack: 0x00007fe50327a000,0x00007fe50337b000] [id=10256]
  0x00007fe5140bc800 WatcherThread [stack: 0x00007fe5029db000,0x00007fe502adc000] [id=10263]

VM state:at safepoint (normal execution)

VM Mutex/Monitor currently owned by a thread:  ([mutex/lock_event])
[0x00007fe514007280] Threads_lock - owner thread: 0x00007fe514074800
[0x00007fe514007780] Heap_lock - owner thread: 0x00007fe51400b000

heap address: 0x00000000d1000000, size: 752 MB, Compressed Oops mode: 32-bit
Narrow klass base: 0x0000000000000000, Narrow klass shift: 3
Compressed class space size: 1073741824 Address: 0x0000000100000000

Heap:
 PSYoungGen      total 166912K, used 3823K [0x00000000f0580000, 0x00000000fb580000, 0x0000000100000000)
  eden space 154624K, 0% used [0x00000000f0580000,0x00000000f0580000,0x00000000f9c80000)
  from space 12288K, 31% used [0x00000000f9c80000,0x00000000fa03bd20,0x00000000fa880000)
  to   space 11264K, 0% used [0x00000000fa880000,0x00000000fa880000,0x00000000fb380000)
 ParOldGen       total 47616K, used 23983K [0x00000000d1000000, 0x00000000d3e80000, 0x00000000f0580000)
  object space 47616K, 50% used [0x00000000d1000000,0x00000000d276bcd8,0x00000000d3e80000)
 Metaspace       used 24759K, capacity 25298K, committed 25600K, reserved 1071104K
  class space    used 2825K, capacity 2999K, committed 3072K, reserved 1048576K

Card table byte_map: [0x00007fe519389000,0x00007fe519502000] byte_map_base: 0x00007fe518d01000

Marking Bits: (ParMarkBitMap*) 0x00007fe51c123540
 Begin Bits: [0x00007fe503880000, 0x00007fe504440000)
 End Bits:   [0x00007fe504440000, 0x00007fe505000000)

Polling page: 0x00007fe51cf76000

CodeCache: size=245760Kb used=13438Kb max_used=13438Kb free=232321Kb
 bounds [0x00007fe505000000, 0x00007fe505d30000, 0x00007fe514000000]
 total_blobs=4605 nmethods=4185 adapters=333
 compilation: enabled

Compilation events (10 events):
Event: 38.049 Thread 0x00007fe5140b7000 4700       2       org.apache.maven.model.interpolation.StringSearchModelInterpolator$InterpolateObjectAction::<init> (47 bytes)
Event: 38.050 Thread 0x00007fe5140b7000 nmethod 4700 0x00007fe505d25010 code [0x00007fe505d25180, 0x00007fe505d253e8]
Event: 38.050 Thread 0x00007fe5140b7000 4701       2       java.util.HashSet::remove (20 bytes)
Event: 38.052 Thread 0x00007fe5140b7000 nmethod 4701 0x00007fe505d254d0 code [0x00007fe505d25660, 0x00007fe505d25898]
Event: 38.064 Thread 0x00007fe5140b7000 4702       2       org.apache.maven.bridge.MavenRepositorySystem::createArtifact (12 bytes)
Event: 38.067 Thread 0x00007fe5140b7000 nmethod 4702 0x00007fe505d259d0 code [0x00007fe505d25b60, 0x00007fe505d25e98]
Event: 38.069 Thread 0x00007fe5140b7000 4703 %     3       org.apache.maven.artifact.versioning.ComparableVersion$ListItem::toString @ 13 (72 bytes)
Event: 38.075 Thread 0x00007fe5140b7000 nmethod 4703% 0x00007fe505d26110 code [0x00007fe505d263c0, 0x00007fe505d27948]
Event: 38.083 Thread 0x00007fe5140b7000 4704       3       org.apache.maven.artifact.versioning.ComparableVersion$ListItem::toString (72 bytes)
Event: 38.088 Thread 0x00007fe5140b7000 nmethod 4704 0x00007fe505d28350 code [0x00007fe505d285e0, 0x00007fe505d29b98]

GC Heap History (10 events):
Event: 12.756 GC heap after
Heap after GC invocations=7 (full 0):
 PSYoungGen      total 54272K, used 5104K [0x00000000f0580000, 0x00000000f7380000, 0x0000000100000000)
  eden space 49152K, 0% used [0x00000000f0580000,0x00000000f0580000,0x00000000f3580000)
  from space 5120K, 99% used [0x00000000f3580000,0x00000000f3a7c010,0x00000000f3a80000)
  to   space 7168K, 0% used [0x00000000f6c80000,0x00000000f6c80000,0x00000000f7380000)
 ParOldGen       total 32768K, used 9830K [0x00000000d1000000, 0x00000000d3000000, 0x00000000f0580000)
  object space 32768K, 30% used [0x00000000d1000000,0x00000000d1999b58,0x00000000d3000000)
 Metaspace       used 16472K, capacity 16754K, committed 16896K, reserved 1064960K
  class space    used 1924K, capacity 2010K, committed 2048K, reserved 1048576K
}
Event: 16.339 GC heap before
{Heap before GC invocations=8 (full 0):
 PSYoungGen      total 54272K, used 54256K [0x00000000f0580000, 0x00000000f7380000, 0x0000000100000000)
  eden space 49152K, 100% used [0x00000000f0580000,0x00000000f3580000,0x00000000f3580000)
  from space 5120K, 99% used [0x00000000f3580000,0x00000000f3a7c010,0x00000000f3a80000)
  to   space 7168K, 0% used [0x00000000f6c80000,0x00000000f6c80000,0x00000000f7380000)
 ParOldGen       total 32768K, used 9830K [0x00000000d1000000, 0x00000000d3000000, 0x00000000f0580000)
  object space 32768K, 30% used [0x00000000d1000000,0x00000000d1999b58,0x00000000d3000000)
 Metaspace       used 16809K, capacity 17058K, committed 17152K, reserved 1064960K
  class space    used 1930K, capacity 2018K, committed 2048K, reserved 1048576K
Event: 16.406 GC heap after
Heap after GC invocations=8 (full 0):
 PSYoungGen      total 104448K, used 7152K [0x00000000f0580000, 0x00000000f7580000, 0x0000000100000000)
  eden space 97280K, 0% used [0x00000000f0580000,0x00000000f0580000,0x00000000f6480000)
  from space 7168K, 99% used [0x00000000f6c80000,0x00000000f737c010,0x00000000f7380000)
  to   space 8192K, 0% used [0x00000000f6480000,0x00000000f6480000,0x00000000f6c80000)
 ParOldGen       total 32768K, used 10658K [0x00000000d1000000, 0x00000000d3000000, 0x00000000f0580000)
  object space 32768K, 32% used [0x00000000d1000000,0x00000000d1a68b78,0x00000000d3000000)
 Metaspace       used 16809K, capacity 17058K, committed 17152K, reserved 1064960K
  class space    used 1930K, capacity 2018K, committed 2048K, reserved 1048576K
}
Event: 22.973 GC heap before
{Heap before GC invocations=9 (full 0):
 PSYoungGen      total 104448K, used 104432K [0x00000000f0580000, 0x00000000f7580000, 0x0000000100000000)
  eden space 97280K, 100% used [0x00000000f0580000,0x00000000f6480000,0x00000000f6480000)
  from space 7168K, 99% used [0x00000000f6c80000,0x00000000f737c010,0x00000000f7380000)
  to   space 8192K, 0% used [0x00000000f6480000,0x00000000f6480000,0x00000000f6c80000)
 ParOldGen       total 32768K, used 10658K [0x00000000d1000000, 0x00000000d3000000, 0x00000000f0580000)
  object space 32768K, 32% used [0x00000000d1000000,0x00000000d1a68b78,0x00000000d3000000)
 Metaspace       used 17368K, capacity 17678K, committed 18048K, reserved 1064960K
  class space    used 1945K, capacity 2052K, committed 2176K, reserved 1048576K
Event: 23.047 GC heap after
Heap after GC invocations=9 (full 0):
 PSYoungGen      total 105472K, used 8192K [0x00000000f0580000, 0x00000000fb380000, 0x0000000100000000)
  eden space 97280K, 0% used [0x00000000f0580000,0x00000000f0580000,0x00000000f6480000)
  from space 8192K, 100% used [0x00000000f6480000,0x00000000f6c80000,0x00000000f6c80000)
  to   space 11264K, 0% used [0x00000000fa880000,0x00000000fa880000,0x00000000fb380000)
 ParOldGen       total 32768K, used 14516K [0x00000000d1000000, 0x00000000d3000000, 0x00000000f0580000)
  object space 32768K, 44% used [0x00000000d1000000,0x00000000d1e2d350,0x00000000d3000000)
 Metaspace       used 17368K, capacity 17678K, committed 18048K, reserved 1064960K
  class space    used 1945K, capacity 2052K, committed 2176K, reserved 1048576K
}
Event: 27.339 GC heap before
{Heap before GC invocations=10 (full 0):
 PSYoungGen      total 105472K, used 60555K [0x00000000f0580000, 0x00000000fb380000, 0x0000000100000000)
  eden space 97280K, 53% used [0x00000000f0580000,0x00000000f38a2f88,0x00000000f6480000)
  from space 8192K, 100% used [0x00000000f6480000,0x00000000f6c80000,0x00000000f6c80000)
  to   space 11264K, 0% used [0x00000000fa880000,0x00000000fa880000,0x00000000fb380000)
 ParOldGen       total 32768K, used 14516K [0x00000000d1000000, 0x00000000d3000000, 0x00000000f0580000)
  object space 32768K, 44% used [0x00000000d1000000,0x00000000d1e2d350,0x00000000d3000000)
 Metaspace       used 20815K, capacity 21210K, committed 21248K, reserved 1069056K
  class space    used 2387K, capacity 2535K, committed 2560K, reserved 1048576K
Event: 27.511 GC heap after
Heap after GC invocations=10 (full 0):
 PSYoungGen      total 165888K, used 10091K [0x00000000f0580000, 0x00000000fb580000, 0x0000000100000000)
  eden space 154624K, 0% used [0x00000000f0580000,0x00000000f0580000,0x00000000f9c80000)
  from space 11264K, 89% used [0x00000000fa880000,0x00000000fb25ac78,0x00000000fb380000)
  to   space 12288K, 0% used [0x00000000f9c80000,0x00000000f9c80000,0x00000000fa880000)
 ParOldGen       total 32768K, used 19340K [0x00000000d1000000, 0x00000000d3000000, 0x00000000f0580000)
  object space 32768K, 59% used [0x00000000d1000000,0x00000000d22e3350,0x00000000d3000000)
 Metaspace       used 20815K, capacity 21210K, committed 21248K, reserved 1069056K
  class space    used 2387K, capacity 2535K, committed 2560K, reserved 1048576K
}
Event: 27.511 GC heap before
{Heap before GC invocations=11 (full 1):
 PSYoungGen      total 165888K, used 10091K [0x00000000f0580000, 0x00000000fb580000, 0x0000000100000000)
  eden space 154624K, 0% used [0x00000000f0580000,0x00000000f0580000,0x00000000f9c80000)
  from space 11264K, 89% used [0x00000000fa880000,0x00000000fb25ac78,0x00000000fb380000)
  to   space 12288K, 0% used [0x00000000f9c80000,0x00000000f9c80000,0x00000000fa880000)
 ParOldGen       total 32768K, used 19340K [0x00000000d1000000, 0x00000000d3000000, 0x00000000f0580000)
  object space 32768K, 59% used [0x00000000d1000000,0x00000000d22e3350,0x00000000d3000000)
 Metaspace       used 20815K, capacity 21210K, committed 21248K, reserved 1069056K
  class space    used 2387K, capacity 2535K, committed 2560K, reserved 1048576K
Event: 28.038 GC heap after
Heap after GC invocations=11 (full 1):
 PSYoungGen      total 165888K, used 0K [0x00000000f0580000, 0x00000000fb580000, 0x0000000100000000)
  eden space 154624K, 0% used [0x00000000f0580000,0x00000000f0580000,0x00000000f9c80000)
  from space 11264K, 0% used [0x00000000fa880000,0x00000000fa880000,0x00000000fb380000)
  to   space 12288K, 0% used [0x00000000f9c80000,0x00000000f9c80000,0x00000000fa880000)
 ParOldGen       total 47616K, used 23975K [0x00000000d1000000, 0x00000000d3e80000, 0x00000000f0580000)
  object space 47616K, 50% used [0x00000000d1000000,0x00000000d2769cd8,0x00000000d3e80000)
 Metaspace       used 20815K, capacity 21210K, committed 21248K, reserved 1069056K
  class space    used 2387K, capacity 2535K, committed 2560K, reserved 1048576K
}
Event: 38.221 GC heap before
{Heap before GC invocations=12 (full 1):
 PSYoungGen      total 165888K, used 154624K [0x00000000f0580000, 0x00000000fb580000, 0x0000000100000000)
  eden space 154624K, 100% used [0x00000000f0580000,0x00000000f9c80000,0x00000000f9c80000)
  from space 11264K, 0% used [0x00000000fa880000,0x00000000fa880000,0x00000000fb380000)
  to   space 12288K, 0% used [0x00000000f9c80000,0x00000000f9c80000,0x00000000fa880000)
 ParOldGen       total 47616K, used 23975K [0x00000000d1000000, 0x00000000d3e80000, 0x00000000f0580000)
  object space 47616K, 50% used [0x00000000d1000000,0x00000000d2769cd8,0x00000000d3e80000)
 Metaspace       used 24759K, capacity 25298K, committed 25600K, reserved 1071104K
  class space    used 2825K, capacity 2999K, committed 3072K, reserved 1048576K

Deoptimization events (10 events):
Event: 30.944 Thread 0x00007fe51400b000 Uncommon trap: reason=bimorphic action=maybe_recompile pc=0x00007fe505b10f38 method=java.util.Hashtable.get(Ljava/lang/Object;)Ljava/lang/Object; @ 6
Event: 30.944 Thread 0x00007fe51400b000 Uncommon trap: reason=bimorphic action=maybe_recompile pc=0x00007fe505b10f38 method=java.util.Hashtable.get(Ljava/lang/Object;)Ljava/lang/Object; @ 6
Event: 30.944 Thread 0x00007fe51400b000 Uncommon trap: reason=bimorphic action=maybe_recompile pc=0x00007fe505b10f38 method=java.util.Hashtable.get(Ljava/lang/Object;)Ljava/lang/Object; @ 6
Event: 31.940 Thread 0x00007fe51400b000 Uncommon trap: reason=unstable_if action=reinterpret pc=0x00007fe50573b430 method=java.util.LinkedHashMap.get(Ljava/lang/Object;)Ljava/lang/Object; @ 20
Event: 33.190 Thread 0x00007fe51400b000 Uncommon trap: reason=unstable_if action=reinterpret pc=0x00007fe5051d9994 method=java.lang.CharacterDataLatin1.digit(II)I @ 60
Event: 33.217 Thread 0x00007fe51400b000 Uncommon trap: reason=unstable_if action=reinterpret pc=0x00007fe5059d10ac method=java.lang.CharacterDataLatin1.digit(II)I @ 60
Event: 33.456 Thread 0x00007fe51400b000 Uncommon trap: reason=unstable_if action=reinterpret pc=0x00007fe505b0b320 method=java.io.ByteArrayInputStream.read([BII)I @ 63
Event: 33.721 Thread 0x00007fe51400b000 Uncommon trap: reason=null_check action=make_not_entrant pc=0x00007fe505b7f53c method=org.apache.maven.model.io.xpp3.MavenXpp3ReaderEx.checkFieldWithDuplicate(Lorg/codehaus/plexus/util/xml/pull/XmlPullParser;Ljava/lang/String;Ljava/lang/String;Ljava/util/
Event: 33.794 Thread 0x00007fe51400b000 Uncommon trap: reason=null_check action=make_not_entrant pc=0x00007fe505ad3fa4 method=org.apache.maven.model.ConfigurationContainer.getLocation(Ljava/lang/Object;)Lorg/apache/maven/model/InputLocation; @ 17
Event: 34.841 Thread 0x00007fe51400b000 Uncommon trap: reason=unstable_if action=reinterpret pc=0x00007fe505ba5b20 method=org.apache.maven.model.io.xpp3.MavenXpp3ReaderEx.nextTag(Lorg/codehaus/plexus/util/xml/pull/XmlPullParser;)I @ 9

Classes redefined (0 events):
No events

Internal exceptions (10 events):
Event: 25.234 Thread 0x00007fe51400b000 Exception <a 'java/lang/NullPointerException'> (0x00000000f271dd68) thrown at [/build/openjdk-8-g3XteX/openjdk-8-8u222-b10/src/hotspot/src/share/vm/interpreter/linkResolver.cpp, line 1185]
Event: 25.254 Thread 0x00007fe51400b000 Exception <a 'java/lang/NullPointerException'> (0x00000000f27a0b70) thrown at [/build/openjdk-8-g3XteX/openjdk-8-8u222-b10/src/hotspot/src/share/vm/interpreter/linkResolver.cpp, line 1185]
Event: 25.254 Thread 0x00007fe51400b000 Exception <a 'java/lang/NullPointerException'> (0x00000000f27a0f70) thrown at [/build/openjdk-8-g3XteX/openjdk-8-8u222-b10/src/hotspot/src/share/vm/interpreter/linkResolver.cpp, line 1185]
Event: 25.254 Thread 0x00007fe51400b000 Exception <a 'java/lang/NullPointerException'> (0x00000000f27a1370) thrown at [/build/openjdk-8-g3XteX/openjdk-8-8u222-b10/src/hotspot/src/share/vm/interpreter/linkResolver.cpp, line 1185]
Event: 25.427 Thread 0x00007fe51400b000 Exception <a 'java/lang/ClassCastException': org.apache.commons.logging.impl.SLF4JLogFactory cannot be cast to org.apache.maven.wagon.providers.http.commons.logging.LogFactory> (0x00000000f29b85e0) thrown at [/build/openjdk-8-g3XteX/openjdk-8-8u222-b10/sr
Event: 25.451 Thread 0x00007fe51400b000 Exception <a 'java/lang/NoClassDefFoundError': org/apache/log4j/Priority> (0x00000000f2a0f9a0) thrown at [/build/openjdk-8-g3XteX/openjdk-8-8u222-b10/src/hotspot/src/share/vm/classfile/systemDictionary.cpp, line 199]
Event: 31.626 Thread 0x00007fe51400b000 Exception <a 'java/lang/NoSuchFieldError': method resolution failed> (0x00000000f0f17750) thrown at [/build/openjdk-8-g3XteX/openjdk-8-8u222-b10/src/hotspot/src/share/vm/prims/methodHandles.cpp, line 1167]
Event: 31.647 Thread 0x00007fe51400b000 Exception <a 'java/lang/NoSuchFieldError': method resolution failed> (0x00000000f0f255b0) thrown at [/build/openjdk-8-g3XteX/openjdk-8-8u222-b10/src/hotspot/src/share/vm/prims/methodHandles.cpp, line 1167]
Event: 33.721 Thread 0x00007fe51400b000 Implicit null exception at 0x00007fe505b7ea09 to 0x00007fe505b7f521
Event: 33.794 Thread 0x00007fe51400b000 Implicit null exception at 0x00007fe505acf8bb to 0x00007fe505ad3f25

Events (10 events):
Event: 37.168 Thread 0x00007fe51400b000 DEOPT UNPACKING pc=0x00007fe5050474c4 sp=0x00007fe51cf58218 mode 0
Event: 37.368 Thread 0x00007fe51400b000 DEOPT PACKING pc=0x00007fe505a1b8cf sp=0x00007fe51cf57c80
Event: 37.368 Thread 0x00007fe51400b000 DEOPT UNPACKING pc=0x00007fe5050474c4 sp=0x00007fe51cf57a88 mode 0
Event: 37.428 Thread 0x00007fe51400b000 DEOPT PACKING pc=0x00007fe50572222d sp=0x00007fe51cf58e00
Event: 37.428 Thread 0x00007fe51400b000 DEOPT UNPACKING pc=0x00007fe5050474c4 sp=0x00007fe51cf58b28 mode 0
Event: 37.917 Thread 0x00007fe51400b000 DEOPT PACKING pc=0x00007fe505722216 sp=0x00007fe51cf58930
Event: 37.917 Thread 0x00007fe51400b000 DEOPT UNPACKING pc=0x00007fe5050474c4 sp=0x00007fe51cf58658 mode 0
Event: 38.076 Thread 0x00007fe51400b000 DEOPT PACKING pc=0x00007fe50575a9ae sp=0x00007fe51cf58090
Event: 38.076 Thread 0x00007fe51400b000 DEOPT UNPACKING pc=0x00007fe5050474c4 sp=0x00007fe51cf57eb0 mode 0
Event: 38.202 Executing VM operation: ParallelGCFailedAllocation


Dynamic libraries:
00400000-00401000 r-xp 00000000 08:01 586778                             /usr/lib/jvm/java-8-openjdk-amd64/jre/bin/java
00600000-00601000 r--p 00000000 08:01 586778                             /usr/lib/jvm/java-8-openjdk-amd64/jre/bin/java
00601000-00602000 rw-p 00001000 08:01 586778                             /usr/lib/jvm/java-8-openjdk-amd64/jre/bin/java
018ae000-018cf000 rw-p 00000000 00:00 0                                  [heap]
d1000000-d3e80000 rw-p 00000000 00:00 0 
d3e80000-f0580000 ---p 00000000 00:00 0 
f0580000-fb580000 rw-p 00000000 00:00 0 
fe080000-100000000 ---p 00000000 00:00 0 
100000000-100300000 rw-p 00000000 00:00 0 
100300000-140000000 ---p 00000000 00:00 0 
7fe4d4000000-7fe4d4021000 rw-p 00000000 00:00 0 
7fe4d4021000-7fe4d8000000 ---p 00000000 00:00 0 
7fe4d8fff000-7fe4dc000000 rw-p 00000000 00:00 0 
7fe4dc000000-7fe4dcb73000 rw-p 00000000 00:00 0 
7fe4dcb73000-7fe4e0000000 ---p 00000000 00:00 0 
7fe4e0000000-7fe4e0021000 rw-p 00000000 00:00 0 
7fe4e0021000-7fe4e4000000 ---p 00000000 00:00 0 
7fe4e4000000-7fe4e4021000 rw-p 00000000 00:00 0 
7fe4e4021000-7fe4e8000000 ---p 00000000 00:00 0 
7fe4e8000000-7fe4ea008000 rw-p 00000000 00:00 0 
7fe4ea008000-7fe4ec000000 ---p 00000000 00:00 0 
7fe4ec000000-7fe4ec021000 rw-p 00000000 00:00 0 
7fe4ec021000-7fe4f0000000 ---p 00000000 00:00 0 
7fe4f0000000-7fe4f0021000 rw-p 00000000 00:00 0 
7fe4f0021000-7fe4f4000000 ---p 00000000 00:00 0 
7fe4f4000000-7fe4f4021000 rw-p 00000000 00:00 0 
7fe4f4021000-7fe4f8000000 ---p 00000000 00:00 0 
7fe4f8000000-7fe4f8021000 rw-p 00000000 00:00 0 
7fe4f8021000-7fe4fc000000 ---p 00000000 00:00 0 
7fe4fc000000-7fe4fc021000 rw-p 00000000 00:00 0 
7fe4fc021000-7fe500000000 ---p 00000000 00:00 0 
7fe500c83000-7fe500e83000 rw-p 00000000 00:00 0 
7fe500e83000-7fe500e9a000 r-xp 00000000 08:01 28308                      /lib/x86_64-linux-gnu/libresolv-2.23.so
7fe500e9a000-7fe50109a000 ---p 00017000 08:01 28308                      /lib/x86_64-linux-gnu/libresolv-2.23.so
7fe50109a000-7fe50109b000 r--p 00017000 08:01 28308                      /lib/x86_64-linux-gnu/libresolv-2.23.so
7fe50109b000-7fe50109c000 rw-p 00018000 08:01 28308                      /lib/x86_64-linux-gnu/libresolv-2.23.so
7fe50109c000-7fe50109e000 rw-p 00000000 00:00 0 
7fe50109e000-7fe5010a3000 r-xp 00000000 08:01 28299                      /lib/x86_64-linux-gnu/libnss_dns-2.23.so
7fe5010a3000-7fe5012a3000 ---p 00005000 08:01 28299                      /lib/x86_64-linux-gnu/libnss_dns-2.23.so
7fe5012a3000-7fe5012a4000 r--p 00005000 08:01 28299                      /lib/x86_64-linux-gnu/libnss_dns-2.23.so
7fe5012a4000-7fe5012a5000 rw-p 00006000 08:01 28299                      /lib/x86_64-linux-gnu/libnss_dns-2.23.so
7fe5012a5000-7fe5012a7000 r-xp 00000000 08:01 68539                      /lib/x86_64-linux-gnu/libnss_mdns4_minimal.so.2
7fe5012a7000-7fe5014a6000 ---p 00002000 08:01 68539                      /lib/x86_64-linux-gnu/libnss_mdns4_minimal.so.2
7fe5014a6000-7fe5014a7000 r--p 00001000 08:01 68539                      /lib/x86_64-linux-gnu/libnss_mdns4_minimal.so.2
7fe5014a7000-7fe5014a8000 rw-p 00002000 08:01 68539                      /lib/x86_64-linux-gnu/libnss_mdns4_minimal.so.2
7fe5014a8000-7fe5016a8000 rw-p 00000000 00:00 0 
7fe5016a8000-7fe5016d0000 r-xp 00000000 08:01 586854                     /usr/lib/jvm/java-8-openjdk-amd64/jre/lib/amd64/libsunec.so
7fe5016d0000-7fe5018cf000 ---p 00028000 08:01 586854                     /usr/lib/jvm/java-8-openjdk-amd64/jre/lib/amd64/libsunec.so
7fe5018cf000-7fe5018d3000 r--p 00027000 08:01 586854                     /usr/lib/jvm/java-8-openjdk-amd64/jre/lib/amd64/libsunec.so
7fe5018d3000-7fe5018d4000 rw-p 0002b000 08:01 586854                     /usr/lib/jvm/java-8-openjdk-amd64/jre/lib/amd64/libsunec.so
7fe501a87000-7fe501a9a000 r--s 00346000 08:01 591123                     /usr/lib/jvm/java-8-openjdk-amd64/jre/lib/resources.jar
7fe501a9a000-7fe501a9c000 r--s 00016000 08:01 586819                     /usr/lib/jvm/java-8-openjdk-amd64/jre/lib/jce.jar
7fe501a9c000-7fe501c9c000 rw-p 00000000 00:00 0 
7fe501c9c000-7fe501c9e000 r--s 00009000 08:01 772646                     /home/appneta/.m2/repository/org/hamcrest/hamcrest-core/1.3/hamcrest-core-1.3.jar
7fe501c9e000-7fe501ca4000 r--s 00036000 08:01 773245                     /home/appneta/.m2/repository/junit/junit/4.11/junit-4.11.jar
7fe501ca4000-7fe501ca7000 r--s 0000c000 08:01 773221                     /home/appneta/.m2/repository/org/codehaus/plexus/plexus-io/2.0.4/plexus-io-2.0.4.jar
7fe501ca7000-7fe501cac000 r--s 00029000 08:01 773241                     /home/appneta/.m2/repository/org/codehaus/plexus/plexus-archiver/2.2/plexus-archiver-2.2.jar
7fe501cac000-7fe501cae000 r--s 00007000 08:01 773205                     /home/appneta/.m2/repository/org/apache/maven/plugin-testing/maven-plugin-testing-harness/1.3/maven-plugin-testing-harness-1.3.jar
7fe501cae000-7fe501caf000 r--s 00002000 08:01 773238                     /home/appneta/.m2/repository/org/codehaus/plexus/plexus-i18n/1.0-beta-6/plexus-i18n-1.0-beta-6.jar
7fe501caf000-7fe501cb3000 r--s 0001d000 08:01 773236                     /home/appneta/.m2/repository/org/eclipse/aether/aether-util/0.9.0.M2/aether-util-0.9.0.M2.jar
7fe501cb3000-7fe501cb5000 r--s 00000000 08:01 773233                     /home/appneta/.m2/repository/org/codehaus/plexus/plexus-component-annotations/1.5.5/plexus-component-annotations-1.5.5.jar
7fe501cb5000-7fe501cb8000 r--s 0000d000 08:01 773231                     /home/appneta/.m2/repository/org/apache/maven/shared/maven-dependency-tree/2.2/maven-dependency-tree-2.2.jar
7fe501cb8000-7fe501cbd000 r--s 00040000 08:01 773230                     /home/appneta/.m2/repository/org/beanshell/bsh/2.0b4/bsh-2.0b4.jar
7fe501cbd000-7fe501cbf000 r--s 00006000 08:01 773227                     /home/appneta/.m2/repository/org/apache/maven/shared/maven-common-artifact-filters/1.4/maven-common-artifact-filters-1.4.jar
7fe501cbf000-7fe501cc2000 r--s 00016000 08:01 773225                     /home/appneta/.m2/repository/org/apache/maven/enforcer/enforcer-rules/1.4.1/enforcer-rules-1.4.1.jar
7fe501cc2000-7fe501cc3000 r--s 00002000 08:01 773224                     /home/appneta/.m2/repository/org/apache/maven/enforcer/enforcer-api/1.4.1/enforcer-api-1.4.1.jar
7fe501cc3000-7fe501cc7000 r--s 00038000 08:01 773223                     /home/appneta/.m2/repository/commons-lang/commons-lang/2.3/commons-lang-2.3.jar
7fe501cc7000-7fe501ccb000 r--s 00038000 08:01 773222                     /home/appneta/.m2/repository/org/codehaus/plexus/plexus-utils/3.0.22/plexus-utils-3.0.22.jar
7fe501ccb000-7fe501ccd000 r--s 00002000 08:01 773219                     /home/appneta/.m2/repository/org/sonatype/plexus/plexus-cipher/1.4/plexus-cipher-1.4.jar
7fe501ccd000-7fe501cce000 r--s 00006000 08:01 773217                     /home/appneta/.m2/repository/org/sonatype/plexus/plexus-sec-dispatcher/1.3/plexus-sec-dispatcher-1.3.jar
7fe501cce000-7fe501cd0000 r--s 00002000 08:01 773198                     /home/appneta/.m2/repository/org/codehaus/plexus/plexus-interactivity-api/1.0-alpha-4/plexus-interactivity-api-1.0-alpha-4.jar
7fe501cd0000-7fe501cd2000 r--s 00009000 08:01 773207                     /home/appneta/.m2/repository/commons-cli/commons-cli/1.2/commons-cli-1.2.jar
7fe501cd2000-7fe501cd3000 r--s 00002000 08:01 773200                     /home/appneta/.m2/repository/org/apache/maven/doxia/doxia-logging-api/1.1/doxia-logging-api-1.1.jar
7fe501cd3000-7fe501cd5000 r--s 00002000 08:01 773199                     /home/appneta/.m2/repository/org/apache/maven/doxia/doxia-sink-api/1.1/doxia-sink-api-1.1.jar
7fe501cd5000-7fe501cd6000 r--s 00002000 08:01 773197                     /home/appneta/.m2/repository/org/apache/maven/reporting/maven-reporting-api/2.2.1/maven-reporting-api-2.2.1.jar
7fe501cd6000-7fe501cd8000 r--s 00003000 08:01 773193                     /home/appneta/.m2/repository/org/slf4j/jcl-over-slf4j/1.5.6/jcl-over-slf4j-1.5.6.jar
7fe501cd8000-7fe501cda000 r--s 00001000 08:01 773189                     /home/appneta/.m2/repository/org/slf4j/slf4j-jdk14/1.5.6/slf4j-jdk14-1.5.6.jar
7fe501cda000-7fe501cdc000 r--s 0000b000 08:01 773182                     /home/appneta/.m2/repository/org/codehaus/plexus/plexus-interpolation/1.11/plexus-interpolation-1.11.jar
7fe501cdc000-7fe501ce4000 r--s 00049000 08:01 773181                     /home/appneta/.m2/repository/backport-util-concurrent/backport-util-concurrent/3.1/backport-util-concurrent-3.1.jar
7fe501ce4000-7fe501ce5000 r--s 00006000 08:01 770969                     /home/appneta/.m2/repository/org/apache/maven/plugins/maven-enforcer-plugin/1.4.1/maven-enforcer-plugin-1.4.1.jar
7fe501ce5000-7fe501ee5000 rw-p 00000000 00:00 0 
7fe501ee5000-7fe501ef6000 r-xp 00000000 08:01 586867                     /usr/lib/jvm/java-8-openjdk-amd64/jre/lib/amd64/libnio.so
7fe501ef6000-7fe5020f5000 ---p 00011000 08:01 586867                     /usr/lib/jvm/java-8-openjdk-amd64/jre/lib/amd64/libnio.so
7fe5020f5000-7fe5020f6000 r--p 00010000 08:01 586867                     /usr/lib/jvm/java-8-openjdk-amd64/jre/lib/amd64/libnio.so
7fe5020f6000-7fe5020f7000 rw-p 00011000 08:01 586867                     /usr/lib/jvm/java-8-openjdk-amd64/jre/lib/amd64/libnio.so
7fe5020f7000-7fe50210d000 r-xp 00000000 08:01 586850                     /usr/lib/jvm/java-8-openjdk-amd64/jre/lib/amd64/libnet.so
7fe50210d000-7fe50230d000 ---p 00016000 08:01 586850                     /usr/lib/jvm/java-8-openjdk-amd64/jre/lib/amd64/libnet.so
7fe50230d000-7fe50230e000 r--p 00016000 08:01 586850                     /usr/lib/jvm/java-8-openjdk-amd64/jre/lib/amd64/libnet.so
7fe50230e000-7fe50230f000 rw-p 00017000 08:01 586850                     /usr/lib/jvm/java-8-openjdk-amd64/jre/lib/amd64/libnet.so
7fe50230f000-7fe502314000 r--s 000a3000 08:01 591096                     /usr/lib/jvm/java-8-openjdk-amd64/jre/lib/jsse.jar
7fe502314000-7fe502514000 rw-p 00000000 00:00 0 
7fe502514000-7fe502714000 rw-p 00000000 00:00 0 
7fe502714000-7fe502914000 rw-p 00000000 00:00 0 
7fe502914000-7fe502915000 r--s 00001000 08:01 74116                      /usr/share/java/wagon-http-shared-2.x.jar
7fe502915000-7fe502919000 r--s 00038000 08:01 74056                      /usr/share/java/plexus-utils2.jar
7fe502919000-7fe50291d000 r--s 00027000 08:01 73601                      /usr/share/java/commons-io-2.4.jar
7fe50291d000-7fe502924000 r--s 0005d000 08:01 73613                      /usr/share/java/commons-lang3.jar
7fe502924000-7fe50292a000 r--s 00048000 08:01 73782                      /usr/share/java/jsoup.jar
7fe50292a000-7fe50292b000 r--s 00004000 08:01 73520                      /usr/share/java/atinject-jsr330-tck-1.0.jar
7fe50292b000-7fe50292c000 r--s 00001000 08:01 74109                      /usr/share/java/wagon-file-2.x.jar
7fe50292c000-7fe50292d000 r--s 0000a000 08:01 74130                      /usr/share/java/maven3-settings-3.3.9.jar
7fe50292d000-7fe50292f000 r--s 00007000 08:01 73758                      /usr/share/java/slf4j-api.jar
7fe50292f000-7fe502931000 r--s 00002000 08:01 73994                      /usr/share/java/plexus-cipher.jar
7fe502931000-7fe502936000 r--s 0001d000 08:01 73879                      /usr/share/java/eclipse-aether-api.jar
7fe502936000-7fe50293a000 r--s 00020000 08:01 73880                      /usr/share/java/eclipse-aether-util.jar
7fe50293a000-7fe50293f000 r--s 00040000 08:01 73607                      /usr/share/java/commons-lang-2.6.jar
7fe50293f000-7fe502946000 r--s 00041000 08:01 74132                      /usr/share/java/maven3-compat-3.3.9.jar
7fe502946000-7fe50294a000 r--s 00027000 08:01 73872                      /usr/share/java/eclipse-aether-impl.jar
7fe50294a000-7fe50294b000 r--s 00002000 08:01 73755                      /usr/share/java/slf4j-simple.jar
7fe50294b000-7fe50294d000 r--s 0000e000 08:01 73717                      /usr/share/java/plexus-interpolation.jar
7fe50294d000-7fe502954000 r--s 0002c000 08:01 74103                      /usr/share/java/sisu-plexus.jar
7fe502954000-7fe502956000 r--s 00013000 08:01 74136                      /usr/share/java/maven3-embedder-3.3.9.jar
7fe502956000-7fe502958000 r--s 00012000 08:01 18944                      /usr/share/java/el-api-3.0.jar
7fe502958000-7fe50295b000 r--s 00008000 08:01 73549                      /usr/share/java/cdi-api-1.0.jar
7fe50295b000-7fe502969000 r--s 00095000 08:01 73904                      /usr/share/java/guice.jar
7fe502969000-7fe502976000 r--s 0008d000 08:01 74133                      /usr/share/java/maven3-core-3.3.9.jar
7fe502976000-7fe50297e000 r--s 00054000 08:01 74097                      /usr/share/java/sisu-inject.jar
7fe50297e000-7fe5029af000 r--s 00207000 08:01 74113                      /usr/share/java/wagon-http-shaded-2.x.jar
7fe5029af000-7fe5029db000 r--s 00208000 08:01 73795                      /usr/share/java/guava.jar
7fe5029db000-7fe5029dc000 ---p 00000000 00:00 0 
7fe5029dc000-7fe502adc000 rw-p 00000000 00:00 0 
7fe502adc000-7fe502adf000 ---p 00000000 00:00 0 
7fe502adf000-7fe502bdd000 rw-p 00000000 00:00 0 
7fe502bdd000-7fe502be0000 ---p 00000000 00:00 0 
7fe502be0000-7fe502cde000 rw-p 00000000 00:00 0 
7fe502cde000-7fe502ce1000 ---p 00000000 00:00 0 
7fe502ce1000-7fe502ddf000 rw-p 00000000 00:00 0 
7fe502ddf000-7fe502de2000 ---p 00000000 00:00 0 
7fe502de2000-7fe502ee0000 rw-p 00000000 00:00 0 
7fe502ee0000-7fe503078000 r--p 00000000 08:01 27557                      /usr/lib/locale/locale-archive
7fe503078000-7fe50307b000 ---p 00000000 00:00 0 
7fe50307b000-7fe503179000 rw-p 00000000 00:00 0 
7fe503179000-7fe50317c000 ---p 00000000 00:00 0 
7fe50317c000-7fe50327a000 rw-p 00000000 00:00 0 
7fe50327a000-7fe50327b000 ---p 00000000 00:00 0 
7fe50327b000-7fe505000000 rw-p 00000000 00:00 0 
7fe505000000-7fe505d30000 rwxp 00000000 00:00 0 
7fe505d30000-7fe514000000 ---p 00000000 00:00 0 
7fe514000000-7fe514b5f000 rw-p 00000000 00:00 0 
7fe514b5f000-7fe518000000 ---p 00000000 00:00 0 
7fe518000000-7fe518001000 r--s 00000000 08:01 73534                      /usr/share/java/geronimo-interceptor-3.0-spec-1.0.1.jar
7fe518001000-7fe518002000 r--s 00000000 08:01 73521                      /usr/share/java/atinject-jsr330-api-1.0.jar
7fe518002000-7fe518004000 r--s 00027000 08:01 74137                      /usr/share/java/maven3-model-3.3.9.jar
7fe518004000-7fe518007000 r--s 00007000 08:01 74139                      /usr/share/java/maven3-settings-builder-3.3.9.jar
7fe518007000-7fe518008000 r--s 00008000 08:01 73875                      /usr/share/java/eclipse-aether-connector-basic.jar
7fe518008000-7fe51800a000 r--s 0000a000 08:01 74110                      /usr/share/java/wagon-provider-api-2.x.jar
7fe51800a000-7fe51800b000 r--s 00006000 08:01 74000                      /usr/share/java/plexus-sec-dispatcher.jar
7fe51800b000-7fe51800d000 r--s 00005000 08:01 73878                      /usr/share/java/eclipse-aether-transport-wagon.jar
7fe51800d000-7fe51800f000 r--s 00001000 08:01 74140                      /usr/share/java/maven3-builder-support-3.3.9.jar
7fe51800f000-7fe518011000 r--s 00006000 08:01 73877                      /usr/share/java/eclipse-aether-spi.jar
7fe518011000-7fe518013000 r--s 0000a000 08:01 74131                      /usr/share/java/maven3-plugin-api-3.3.9.jar
7fe518013000-7fe518018000 r--s 00025000 08:01 74135                      /usr/share/java/maven3-model-builder-3.3.9.jar
7fe518018000-7fe518019000 r--s 00006000 08:01 74134                      /usr/share/java/maven3-repository-metadata-3.3.9.jar
7fe518019000-7fe51801c000 r--s 0000a000 08:01 74141                      /usr/share/java/maven3-artifact-3.3.9.jar
7fe51801c000-7fe51801e000 r--s 00001000 08:01 73895                      /usr/share/java/aopalliance-1.0.jar
7fe51801e000-7fe518020000 r--s 00000000 08:01 74068                      /usr/share/java/plexus-component-annotations-1.5.jar
7fe518020000-7fe518022000 r--s 0000a000 08:01 73569                      /usr/share/java/commons-cli-1.3.1.jar
7fe518022000-7fe518024000 r--s 0000d000 08:01 74138                      /usr/share/java/maven3-aether-provider-3.3.9.jar
7fe518024000-7fe51803f000 r--s 00394000 08:01 586829                     /usr/lib/jvm/java-8-openjdk-amd64/jre/lib/ext/cldrdata.jar
7fe51803f000-7fe518042000 r--s 00039000 08:01 586828                     /usr/lib/jvm/java-8-openjdk-amd64/jre/lib/ext/sunpkcs11.jar
7fe518042000-7fe51804c000 r--s 00116000 08:01 586833                     /usr/lib/jvm/java-8-openjdk-amd64/jre/lib/ext/localedata.jar
7fe51804c000-7fe518067000 r--s 001d6000 08:01 586826                     /usr/lib/jvm/java-8-openjdk-amd64/jre/lib/ext/nashorn.jar
7fe518067000-7fe5184ce000 rw-p 00000000 00:00 0 
7fe5184ce000-7fe51869e000 r--s 03c5c000 08:01 586810                     /usr/lib/jvm/java-8-openjdk-amd64/jre/lib/rt.jar
7fe51869e000-7fe51908c000 rw-p 00000000 00:00 0 
7fe51908c000-7fe51908d000 ---p 00000000 00:00 0 
7fe51908d000-7fe51918d000 rw-p 00000000 00:00 0 
7fe51918d000-7fe51918e000 ---p 00000000 00:00 0 
7fe51918e000-7fe5192a6000 rw-p 00000000 00:00 0 
7fe5192a6000-7fe519389000 ---p 00000000 00:00 0 
7fe519389000-7fe5193a1000 rw-p 00000000 00:00 0 
7fe5193a1000-7fe519483000 ---p 00000000 00:00 0 
7fe519483000-7fe5194dc000 rw-p 00000000 00:00 0 
7fe5194dc000-7fe519501000 ---p 00000000 00:00 0 
7fe519501000-7fe519537000 rw-p 00000000 00:00 0 
7fe519537000-7fe5198c2000 ---p 00000000 00:00 0 
7fe5198c2000-7fe5198ca000 r-xp 00000000 08:01 586864                     /usr/lib/jvm/java-8-openjdk-amd64/jre/lib/amd64/libzip.so
7fe5198ca000-7fe519ac9000 ---p 00008000 08:01 586864                     /usr/lib/jvm/java-8-openjdk-amd64/jre/lib/amd64/libzip.so
7fe519ac9000-7fe519aca000 r--p 00007000 08:01 586864                     /usr/lib/jvm/java-8-openjdk-amd64/jre/lib/amd64/libzip.so
7fe519aca000-7fe519acb000 rw-p 00008000 08:01 586864                     /usr/lib/jvm/java-8-openjdk-amd64/jre/lib/amd64/libzip.so
7fe519acb000-7fe519ad6000 r-xp 00000000 08:01 28333                      /lib/x86_64-linux-gnu/libnss_files-2.23.so
7fe519ad6000-7fe519cd5000 ---p 0000b000 08:01 28333                      /lib/x86_64-linux-gnu/libnss_files-2.23.so
7fe519cd5000-7fe519cd6000 r--p 0000a000 08:01 28333                      /lib/x86_64-linux-gnu/libnss_files-2.23.so
7fe519cd6000-7fe519cd7000 rw-p 0000b000 08:01 28333                      /lib/x86_64-linux-gnu/libnss_files-2.23.so
7fe519cd7000-7fe519cdd000 rw-p 00000000 00:00 0 
7fe519cdd000-7fe519ce8000 r-xp 00000000 08:01 28304                      /lib/x86_64-linux-gnu/libnss_nis-2.23.so
7fe519ce8000-7fe519ee7000 ---p 0000b000 08:01 28304                      /lib/x86_64-linux-gnu/libnss_nis-2.23.so
7fe519ee7000-7fe519ee8000 r--p 0000a000 08:01 28304                      /lib/x86_64-linux-gnu/libnss_nis-2.23.so
7fe519ee8000-7fe519ee9000 rw-p 0000b000 08:01 28304                      /lib/x86_64-linux-gnu/libnss_nis-2.23.so
7fe519ee9000-7fe519eff000 r-xp 00000000 08:01 28318                      /lib/x86_64-linux-gnu/libnsl-2.23.so
7fe519eff000-7fe51a0fe000 ---p 00016000 08:01 28318                      /lib/x86_64-linux-gnu/libnsl-2.23.so
7fe51a0fe000-7fe51a0ff000 r--p 00015000 08:01 28318                      /lib/x86_64-linux-gnu/libnsl-2.23.so
7fe51a0ff000-7fe51a100000 rw-p 00016000 08:01 28318                      /lib/x86_64-linux-gnu/libnsl-2.23.so
7fe51a100000-7fe51a102000 rw-p 00000000 00:00 0 
7fe51a102000-7fe51a10a000 r-xp 00000000 08:01 28340                      /lib/x86_64-linux-gnu/libnss_compat-2.23.so
7fe51a10a000-7fe51a309000 ---p 00008000 08:01 28340                      /lib/x86_64-linux-gnu/libnss_compat-2.23.so
7fe51a309000-7fe51a30a000 r--p 00007000 08:01 28340                      /lib/x86_64-linux-gnu/libnss_compat-2.23.so
7fe51a30a000-7fe51a30b000 rw-p 00008000 08:01 28340                      /lib/x86_64-linux-gnu/libnss_compat-2.23.so
7fe51a30b000-7fe51a334000 r-xp 00000000 08:01 586849                     /usr/lib/jvm/java-8-openjdk-amd64/jre/lib/amd64/libjava.so
7fe51a334000-7fe51a533000 ---p 00029000 08:01 586849                     /usr/lib/jvm/java-8-openjdk-amd64/jre/lib/amd64/libjava.so
7fe51a533000-7fe51a534000 r--p 00028000 08:01 586849                     /usr/lib/jvm/java-8-openjdk-amd64/jre/lib/amd64/libjava.so
7fe51a534000-7fe51a536000 rw-p 00029000 08:01 586849                     /usr/lib/jvm/java-8-openjdk-amd64/jre/lib/amd64/libjava.so
7fe51a536000-7fe51a545000 r-xp 00000000 08:01 586866                     /usr/lib/jvm/java-8-openjdk-amd64/jre/lib/amd64/libverify.so
7fe51a545000-7fe51a744000 ---p 0000f000 08:01 586866                     /usr/lib/jvm/java-8-openjdk-amd64/jre/lib/amd64/libverify.so
7fe51a744000-7fe51a746000 r--p 0000e000 08:01 586866                     /usr/lib/jvm/java-8-openjdk-amd64/jre/lib/amd64/libverify.so
7fe51a746000-7fe51a747000 rw-p 00010000 08:01 586866                     /usr/lib/jvm/java-8-openjdk-amd64/jre/lib/amd64/libverify.so
7fe51a747000-7fe51a74e000 r-xp 00000000 08:01 28284                      /lib/x86_64-linux-gnu/librt-2.23.so
7fe51a74e000-7fe51a94d000 ---p 00007000 08:01 28284                      /lib/x86_64-linux-gnu/librt-2.23.so
7fe51a94d000-7fe51a94e000 r--p 00006000 08:01 28284                      /lib/x86_64-linux-gnu/librt-2.23.so
7fe51a94e000-7fe51a94f000 rw-p 00007000 08:01 28284                      /lib/x86_64-linux-gnu/librt-2.23.so
7fe51a94f000-7fe51a965000 r-xp 00000000 08:01 1963                       /lib/x86_64-linux-gnu/libgcc_s.so.1
7fe51a965000-7fe51ab64000 ---p 00016000 08:01 1963                       /lib/x86_64-linux-gnu/libgcc_s.so.1
7fe51ab64000-7fe51ab65000 rw-p 00015000 08:01 1963                       /lib/x86_64-linux-gnu/libgcc_s.so.1
7fe51ab65000-7fe51ac6d000 r-xp 00000000 08:01 28347                      /lib/x86_64-linux-gnu/libm-2.23.so
7fe51ac6d000-7fe51ae6c000 ---p 00108000 08:01 28347                      /lib/x86_64-linux-gnu/libm-2.23.so
7fe51ae6c000-7fe51ae6d000 r--p 00107000 08:01 28347                      /lib/x86_64-linux-gnu/libm-2.23.so
7fe51ae6d000-7fe51ae6e000 rw-p 00108000 08:01 28347                      /lib/x86_64-linux-gnu/libm-2.23.so
7fe51ae6e000-7fe51afe0000 r-xp 00000000 08:01 1953                       /usr/lib/x86_64-linux-gnu/libstdc++.so.6.0.21
7fe51afe0000-7fe51b1e0000 ---p 00172000 08:01 1953                       /usr/lib/x86_64-linux-gnu/libstdc++.so.6.0.21
7fe51b1e0000-7fe51b1ea000 r--p 00172000 08:01 1953                       /usr/lib/x86_64-linux-gnu/libstdc++.so.6.0.21
7fe51b1ea000-7fe51b1ec000 rw-p 0017c000 08:01 1953                       /usr/lib/x86_64-linux-gnu/libstdc++.so.6.0.21
7fe51b1ec000-7fe51b1f0000 rw-p 00000000 00:00 0 
7fe51b1f0000-7fe51be54000 r-xp 00000000 08:01 590964                     /usr/lib/jvm/java-8-openjdk-amd64/jre/lib/amd64/server/libjvm.so
7fe51be54000-7fe51c053000 ---p 00c64000 08:01 590964                     /usr/lib/jvm/java-8-openjdk-amd64/jre/lib/amd64/server/libjvm.so
7fe51c053000-7fe51c0e7000 r--p 00c63000 08:01 590964                     /usr/lib/jvm/java-8-openjdk-amd64/jre/lib/amd64/server/libjvm.so
7fe51c0e7000-7fe51c110000 rw-p 00cf7000 08:01 590964                     /usr/lib/jvm/java-8-openjdk-amd64/jre/lib/amd64/server/libjvm.so
7fe51c110000-7fe51c140000 rw-p 00000000 00:00 0 
7fe51c140000-7fe51c158000 r-xp 00000000 08:01 28294                      /lib/x86_64-linux-gnu/libpthread-2.23.so
7fe51c158000-7fe51c357000 ---p 00018000 08:01 28294                      /lib/x86_64-linux-gnu/libpthread-2.23.so
7fe51c357000-7fe51c358000 r--p 00017000 08:01 28294                      /lib/x86_64-linux-gnu/libpthread-2.23.so
7fe51c358000-7fe51c359000 rw-p 00018000 08:01 28294                      /lib/x86_64-linux-gnu/libpthread-2.23.so
7fe51c359000-7fe51c35d000 rw-p 00000000 00:00 0 
7fe51c35d000-7fe51c360000 r-xp 00000000 08:01 28287                      /lib/x86_64-linux-gnu/libdl-2.23.so
7fe51c360000-7fe51c55f000 ---p 00003000 08:01 28287                      /lib/x86_64-linux-gnu/libdl-2.23.so
7fe51c55f000-7fe51c560000 r--p 00002000 08:01 28287                      /lib/x86_64-linux-gnu/libdl-2.23.so
7fe51c560000-7fe51c561000 rw-p 00003000 08:01 28287                      /lib/x86_64-linux-gnu/libdl-2.23.so
7fe51c561000-7fe51c57a000 r-xp 00000000 08:01 2112                       /lib/x86_64-linux-gnu/libz.so.1.2.8
7fe51c57a000-7fe51c779000 ---p 00019000 08:01 2112                       /lib/x86_64-linux-gnu/libz.so.1.2.8
7fe51c779000-7fe51c77a000 r--p 00018000 08:01 2112                       /lib/x86_64-linux-gnu/libz.so.1.2.8
7fe51c77a000-7fe51c77b000 rw-p 00019000 08:01 2112                       /lib/x86_64-linux-gnu/libz.so.1.2.8
7fe51c77b000-7fe51c93b000 r-xp 00000000 08:01 28339                      /lib/x86_64-linux-gnu/libc-2.23.so
7fe51c93b000-7fe51cb3b000 ---p 001c0000 08:01 28339                      /lib/x86_64-linux-gnu/libc-2.23.so
7fe51cb3b000-7fe51cb3f000 r--p 001c0000 08:01 28339                      /lib/x86_64-linux-gnu/libc-2.23.so
7fe51cb3f000-7fe51cb41000 rw-p 001c4000 08:01 28339                      /lib/x86_64-linux-gnu/libc-2.23.so
7fe51cb41000-7fe51cb45000 rw-p 00000000 00:00 0 
7fe51cb45000-7fe51cb52000 r-xp 00000000 08:01 586858                     /usr/lib/jvm/java-8-openjdk-amd64/jre/lib/amd64/jli/libjli.so
7fe51cb52000-7fe51cd51000 ---p 0000d000 08:01 586858                     /usr/lib/jvm/java-8-openjdk-amd64/jre/lib/amd64/jli/libjli.so
7fe51cd51000-7fe51cd52000 r--p 0000c000 08:01 586858                     /usr/lib/jvm/java-8-openjdk-amd64/jre/lib/amd64/jli/libjli.so
7fe51cd52000-7fe51cd53000 rw-p 0000d000 08:01 586858                     /usr/lib/jvm/java-8-openjdk-amd64/jre/lib/amd64/jli/libjli.so
7fe51cd53000-7fe51cd79000 r-xp 00000000 08:01 28292                      /lib/x86_64-linux-gnu/ld-2.23.so
7fe51cd79000-7fe51cd7b000 r--s 0000a000 08:01 74050                      /usr/share/java/plexus-classworlds2-2.5.2.jar
7fe51cd7b000-7fe51ce5b000 rw-p 00000000 00:00 0 
7fe51ce5b000-7fe51ce5e000 ---p 00000000 00:00 0 
7fe51ce5e000-7fe51cf60000 rw-p 00000000 00:00 0 
7fe51cf60000-7fe51cf61000 r--s 0000d000 08:01 586824                     /usr/lib/jvm/java-8-openjdk-amd64/jre/lib/ext/sunec.jar
7fe51cf61000-7fe51cf63000 r--s 00001000 08:01 586830                     /usr/lib/jvm/java-8-openjdk-amd64/jre/lib/ext/dnsns.jar
7fe51cf63000-7fe51cf66000 r--s 0000f000 08:01 586825                     /usr/lib/jvm/java-8-openjdk-amd64/jre/lib/ext/icedtea-sound.jar
7fe51cf66000-7fe51cf67000 r--s 00010000 08:01 586832                     /usr/lib/jvm/java-8-openjdk-amd64/jre/lib/ext/zipfs.jar
7fe51cf67000-7fe51cf6c000 r--s 0003c000 08:01 586831                     /usr/lib/jvm/java-8-openjdk-amd64/jre/lib/ext/sunjce_provider.jar
7fe51cf6c000-7fe51cf6d000 r--s 0000a000 08:01 586827                     /usr/lib/jvm/java-8-openjdk-amd64/jre/lib/ext/jaccess.jar
7fe51cf6d000-7fe51cf75000 rw-s 00000000 08:01 32629                      /tmp/hsperfdata_appneta/10227
7fe51cf75000-7fe51cf76000 rw-p 00000000 00:00 0 
7fe51cf76000-7fe51cf77000 ---p 00000000 00:00 0 
7fe51cf77000-7fe51cf78000 rw-p 00000000 00:00 0 
7fe51cf78000-7fe51cf79000 r--p 00025000 08:01 28292                      /lib/x86_64-linux-gnu/ld-2.23.so
7fe51cf79000-7fe51cf7a000 rw-p 00026000 08:01 28292                      /lib/x86_64-linux-gnu/ld-2.23.so
7fe51cf7a000-7fe51cf7b000 rw-p 00000000 00:00 0 
7ffd75624000-7ffd75645000 rw-p 00000000 00:00 0                          [stack]
7ffd7564d000-7ffd75650000 r--p 00000000 00:00 0                          [vvar]
7ffd75650000-7ffd75652000 r-xp 00000000 00:00 0                          [vdso]
ffffffffff600000-ffffffffff601000 r-xp 00000000 00:00 0                  [vsyscall]

VM Arguments:
jvm_args: -Dclassworlds.conf=/usr/share/maven/bin/m2.conf -Dmaven.home=/usr/share/maven -Dmaven.multiModuleProjectDirectory=/home/appneta/test/server 
java_command: org.codehaus.plexus.classworlds.launcher.Launcher package
java_class_path (initial): /usr/share/maven/boot/plexus-classworlds-2.x.jar
Launcher Type: SUN_STANDARD

Environment Variables:
JAVA_HOME=/usr/lib/jvm/java-8-openjdk-amd64
PATH=/home/appneta/bin:/home/appneta/.local/bin:/usr/local/sbin:/usr/local/bin:/usr/sbin:/usr/bin:/sbin:/bin:/usr/games:/usr/local/games:/snap/bin
SHELL=
DISPLAY=:0

Signal Handlers:
SIGSEGV: [libjvm.so+0xa783e0], sa_mask[0]=11111111011111111101111111111110, sa_flags=SA_RESTART|SA_SIGINFO
SIGBUS: [libjvm.so+0xa783e0], sa_mask[0]=11111111011111111101111111111110, sa_flags=SA_RESTART|SA_SIGINFO
SIGFPE: [libjvm.so+0x8c0e10], sa_mask[0]=11111111011111111101111111111110, sa_flags=SA_RESTART|SA_SIGINFO
SIGPIPE: [libjvm.so+0x8c0e10], sa_mask[0]=11111111011111111101111111111110, sa_flags=SA_RESTART|SA_SIGINFO
SIGXFSZ: [libjvm.so+0x8c0e10], sa_mask[0]=11111111011111111101111111111110, sa_flags=SA_RESTART|SA_SIGINFO
SIGILL: [libjvm.so+0x8c0e10], sa_mask[0]=11111111011111111101111111111110, sa_flags=SA_RESTART|SA_SIGINFO
SIGUSR1: SIG_DFL, sa_mask[0]=00000000000000000000000000000000, sa_flags=none
SIGUSR2: [libjvm.so+0x8c0cc0], sa_mask[0]=00000000000000000000000000000000, sa_flags=SA_RESTART|SA_SIGINFO
SIGHUP: [libjvm.so+0x8c1350], sa_mask[0]=11111111011111111101111111111110, sa_flags=SA_RESTART|SA_SIGINFO
SIGINT: [libjvm.so+0x8c1350], sa_mask[0]=11111111011111111101111111111110, sa_flags=SA_RESTART|SA_SIGINFO
SIGTERM: [libjvm.so+0x8c1350], sa_mask[0]=11111111011111111101111111111110, sa_flags=SA_RESTART|SA_SIGINFO
SIGQUIT: [libjvm.so+0x8c1350], sa_mask[0]=11111111011111111101111111111110, sa_flags=SA_RESTART|SA_SIGINFO


---------------  S Y S T E M  ---------------

OS:DISTRIB_ID=Ubuntu
DISTRIB_RELEASE=16.04
DISTRIB_CODENAME=xenial
DISTRIB_DESCRIPTION="Ubuntu 16.04.6 LTS"

uname:Linux 4.4.0-164-generic #192-Ubuntu SMP Fri Sep 13 12:02:50 UTC 2019 x86_64
libc:glibc 2.23 NPTL 2.23 
rlimit: STACK 8192k, CORE 0k, NPROC 11943, NOFILE 1048576, AS infinity
load average:4.29 2.53 1.77

/proc/meminfo:
MemTotal:        3080140 kB
MemFree:           71700 kB
MemAvailable:      15428 kB
Buffers:             556 kB
Cached:            59932 kB
SwapCached:            0 kB
Active:          2816740 kB
Inactive:          48564 kB
Active(anon):    2808308 kB
Inactive(anon):    32404 kB
Active(file):       8432 kB
Inactive(file):    16160 kB
Unevictable:        3700 kB
Mlocked:            3700 kB
SwapTotal:             0 kB
SwapFree:              0 kB
Dirty:                88 kB
Writeback:             0 kB
AnonPages:       2808544 kB
Mapped:            49976 kB
Shmem:             33444 kB
Slab:              52908 kB
SReclaimable:      21772 kB
SUnreclaim:        31136 kB
KernelStack:       10432 kB
PageTables:        47104 kB
NFS_Unstable:          0 kB
Bounce:                0 kB
WritebackTmp:          0 kB
CommitLimit:     1540068 kB
Committed_AS:    7771928 kB
VmallocTotal:   34359738367 kB
VmallocUsed:           0 kB
VmallocChunk:          0 kB
HardwareCorrupted:     0 kB
AnonHugePages:         0 kB
CmaTotal:              0 kB
CmaFree:               0 kB
HugePages_Total:       0
HugePages_Free:        0
HugePages_Rsvd:        0
HugePages_Surp:        0
Hugepagesize:       2048 kB
DirectMap4k:      108480 kB
DirectMap2M:     3037184 kB

container (cgroup) information:
container_type: cgroupv1
cpu_cpuset_cpus: 0-1
cpu_memory_nodes: 0
active_processor_count: 2
cpu_quota: -1
cpu_period: 100000
cpu_shares: -1
memory_limit_in_bytes: -1
memory_and_swap_limit_in_bytes: -2
memory_soft_limit_in_bytes: -1
memory_usage_in_bytes: 2788999168
memory_max_usage_in_bytes: 2805604352


CPU:total 2 (initial active 2) (2 cores per cpu, 1 threads per core) family 6 model 69 stepping 1, cmov, cx8, fxsr, mmx, sse, sse2, sse3, ssse3, sse4.1, sse4.2, popcnt, avx, avx2, aes, clmul, lzcnt, tsc, tscinvbit

/proc/cpuinfo:
processor	: 0
vendor_id	: GenuineIntel
cpu family	: 6
model		: 69
model name	: Intel(R) Core(TM) i7-4510U CPU @ 2.00GHz
stepping	: 1
cpu MHz		: 2593.996
cache size	: 4096 KB
physical id	: 0
siblings	: 2
core id		: 0
cpu cores	: 2
apicid		: 0
initial apicid	: 0
fpu		: yes
fpu_exception	: yes
cpuid level	: 13
wp		: yes
flags		: fpu vme de pse tsc msr pae mce cx8 apic sep mtrr pge mca cmov pat pse36 clflush mmx fxsr sse sse2 ht syscall nx rdtscp lm constant_tsc rep_good nopl xtopology nonstop_tsc tsc_known_freq pni pclmulqdq ssse3 cx16 pcid sse4_1 sse4_2 x2apic movbe popcnt aes xsave avx rdrand hypervisor lahf_lm abm invpcid_single pti fsgsbase avx2 invpcid
bugs		: cpu_meltdown spectre_v1 spectre_v2 spec_store_bypass l1tf mds swapgs
bogomips	: 5187.99
clflush size	: 64
cache_alignment	: 64
address sizes	: 39 bits physical, 48 bits virtual
power management:

processor	: 1
vendor_id	: GenuineIntel
cpu family	: 6
model		: 69
model name	: Intel(R) Core(TM) i7-4510U CPU @ 2.00GHz
stepping	: 1
cpu MHz		: 2593.996
cache size	: 4096 KB
physical id	: 0
siblings	: 2
core id		: 1
cpu cores	: 2
apicid		: 1
initial apicid	: 1
fpu		: yes
fpu_exception	: yes
cpuid level	: 13
wp		: yes
flags		: fpu vme de pse tsc msr pae mce cx8 apic sep mtrr pge mca cmov pat pse36 clflush mmx fxsr sse sse2 ht syscall nx rdtscp lm constant_tsc rep_good nopl xtopology nonstop_tsc tsc_known_freq pni pclmulqdq ssse3 cx16 pcid sse4_1 sse4_2 x2apic movbe popcnt aes xsave avx rdrand hypervisor lahf_lm abm invpcid_single pti fsgsbase avx2 invpcid
bugs		: cpu_meltdown spectre_v1 spectre_v2 spec_store_bypass l1tf mds swapgs
bogomips	: 5187.99
clflush size	: 64
cache_alignment	: 64
address sizes	: 39 bits physical, 48 bits virtual
power management:



Memory: 4k page, physical 3080140k(68724k free), swap 0k(0k free)

vm_info: OpenJDK 64-Bit Server VM (25.222-b10) for linux-amd64 JRE (1.8.0_222-8u222-b10-1ubuntu1~16.04.1-b10), built on Jul 18 2019 20:25:18 by "buildd" with gcc 5.4.0 20160609

time: Wed Oct  2 08:35:24 2019
timezone: UTC
elapsed time: 48 seconds (0d 0h 0m 48s)

