#
# There is insufficient memory for the Java Runtime Environment to continue.
# Native memory allocation (mmap) failed to map 32505856 bytes for committing reserved memory.
# Possible reasons:
#   The system is out of physical RAM or swap space
#   The process is running with CompressedOops enabled, and the Java Heap may be blocking the growth of the native heap
# Possible solutions:
#   Reduce memory load on the system
#   Increase physical memory or swap space
#   Check if swap backing store is full
#   Decrease Java heap size (-Xmx/-Xms)
#   Decrease number of Java threads
#   Decrease Java thread stack sizes (-Xss)
#   Set larger code cache with -XX:ReservedCodeCacheSize=
#   JVM is running with Unscaled Compressed Oops mode in which the Java heap is
#     placed in the first 4GB address space. The Java Heap base address is the
#     maximum limit for the native heap growth. Please use -XX:HeapBaseMinAddress
#     to set the Java Heap base and to place the Java Heap above 4GB virtual address.
# This output file may be truncated or incomplete.
#
#  Out of Memory Error (os_linux.cpp:2757), pid=7676, tid=0x00007f3bc844d700
#
# JRE version: OpenJDK Runtime Environment (8.0_222-b10) (build 1.8.0_222-8u222-b10-1ubuntu1~16.04.1-b10)
# Java VM: OpenJDK 64-Bit Server VM (25.222-b10 mixed mode linux-amd64 compressed oops)
# Failed to write core dump. Core dumps have been disabled. To enable core dumping, try "ulimit -c unlimited" before starting Java again
#

---------------  T H R E A D  ---------------

Current thread (0x00007f3bd8074800):  VMThread [stack: 0x00007f3bc834d000,0x00007f3bc844e000] [id=7705]

Stack: [0x00007f3bc834d000,0x00007f3bc844e000],  sp=0x00007f3bc844c4e0,  free space=1021k
Native frames: (J=compiled Java code, j=interpreted, Vv=VM code, C=native code)
V  [libjvm.so+0xa7787b]
V  [libjvm.so+0x4caa8c]
V  [libjvm.so+0x8c5da8]
V  [libjvm.so+0x8bd3ee]
V  [libjvm.so+0x93b476]
V  [libjvm.so+0x93c7a3]
V  [libjvm.so+0x938e84]
V  [libjvm.so+0x93911c]
V  [libjvm.so+0x8eaa73]
V  [libjvm.so+0xa79532]
V  [libjvm.so+0xa7e587]
V  [libjvm.so+0xa7bde7]
V  [libjvm.so+0xa7d0cf]
V  [libjvm.so+0xa7d5f2]
V  [libjvm.so+0x8c3102]

VM_Operation (0x00007f3be1fe1800): ParallelGCFailedAllocation, mode: safepoint, requested by thread 0x00007f3bd800b000


---------------  P R O C E S S  ---------------

Java Threads: ( => current thread )
  0x00007f3bd80d4000 JavaThread "Service Thread" daemon [_thread_blocked, id=7711, stack(0x00007f3bb3b65000,0x00007f3bb3c66000)]
  0x00007f3bd80b7000 JavaThread "C1 CompilerThread1" daemon [_thread_blocked, id=7710, stack(0x00007f3bb3c66000,0x00007f3bb3d67000)]
  0x00007f3bd80b4800 JavaThread "C2 CompilerThread0" daemon [_thread_blocked, id=7709, stack(0x00007f3bb3d67000,0x00007f3bb3e68000)]
  0x00007f3bd80b3000 JavaThread "Signal Dispatcher" daemon [_thread_blocked, id=7708, stack(0x00007f3bc804a000,0x00007f3bc814b000)]
  0x00007f3bd8080800 JavaThread "Finalizer" daemon [_thread_blocked, id=7707, stack(0x00007f3bc814b000,0x00007f3bc824c000)]
  0x00007f3bd807e000 JavaThread "Reference Handler" daemon [_thread_blocked, id=7706, stack(0x00007f3bc824c000,0x00007f3bc834d000)]
  0x00007f3bd800b000 JavaThread "main" [_thread_blocked, id=7702, stack(0x00007f3be1ee4000,0x00007f3be1fe5000)]

Other Threads:
=>0x00007f3bd8074800 VMThread [stack: 0x00007f3bc834d000,0x00007f3bc844e000] [id=7705]
  0x00007f3bd80de800 WatcherThread [stack: 0x00007f3bb3a64000,0x00007f3bb3b65000] [id=7712]

VM state:at safepoint (normal execution)

VM Mutex/Monitor currently owned by a thread:  ([mutex/lock_event])
[0x00007f3bd8007400] Threads_lock - owner thread: 0x00007f3bd8074800
[0x00007f3bd8007900] Heap_lock - owner thread: 0x00007f3bd800b000

heap address: 0x00000000d1000000, size: 752 MB, Compressed Oops mode: 32-bit
Narrow klass base: 0x0000000000000000, Narrow klass shift: 3
Compressed class space size: 1073741824 Address: 0x0000000100000000

Heap:
 PSYoungGen      total 26624K, used 2032K [0x00000000f0580000, 0x00000000f2180000, 0x0000000100000000)
  eden space 24576K, 0% used [0x00000000f0580000,0x00000000f0580000,0x00000000f1d80000)
  from space 2048K, 99% used [0x00000000f1d80000,0x00000000f1f7c030,0x00000000f1f80000)
  to   space 2048K, 0% used [0x00000000f1f80000,0x00000000f1f80000,0x00000000f2180000)
 ParOldGen       total 32768K, used 7454K [0x00000000d1000000, 0x00000000d3000000, 0x00000000f0580000)
  object space 32768K, 22% used [0x00000000d1000000,0x00000000d1747800,0x00000000d3000000)
 Metaspace       used 12617K, capacity 12844K, committed 12928K, reserved 1060864K
  class space    used 1551K, capacity 1638K, committed 1664K, reserved 1048576K

Card table byte_map: [0x00007f3bde412000,0x00007f3bde58b000] byte_map_base: 0x00007f3bddd8a000

Marking Bits: (ParMarkBitMap*) 0x00007f3be11ac540
 Begin Bits: [0x00007f3bdc995000, 0x00007f3bdd555000)
 End Bits:   [0x00007f3bdd555000, 0x00007f3bde115000)

Polling page: 0x00007f3be1fff000

CodeCache: size=245760Kb used=4295Kb max_used=4307Kb free=241464Kb
 bounds [0x00007f3bc9000000, 0x00007f3bc9440000, 0x00007f3bd8000000]
 total_blobs=1549 nmethods=1247 adapters=216
 compilation: enabled

Compilation events (10 events):
Event: 69.253 Thread 0x00007f3bd80b4800 1178       4       java.util.ArrayList$Itr::hasNext (20 bytes)
Event: 69.254 Thread 0x00007f3bd80b7000 1285       3       java.util.Arrays$ArrayList::get (7 bytes)
Event: 69.254 Thread 0x00007f3bd80b7000 nmethod 1285 0x00007f3bc9435810 code [0x00007f3bc9435980, 0x00007f3bc9435af0]
Event: 69.254 Thread 0x00007f3bd80b7000 1286       3       java.util.HashMap::keySet (25 bytes)
Event: 69.255 Thread 0x00007f3bd80b4800 nmethod 1178 0x00007f3bc9434090 code [0x00007f3bc94341e0, 0x00007f3bc9434278]
Event: 69.255 Thread 0x00007f3bd80b4800 1260       4       com.google.inject.internal.asm.$ClassReader::readUnsignedShort (26 bytes)
Event: 69.255 Thread 0x00007f3bd80b7000 nmethod 1286 0x00007f3bc94339d0 code [0x00007f3bc9433b60, 0x00007f3bc9433ef0]
Event: 69.257 Thread 0x00007f3bd80b4800 nmethod 1260 0x00007f3bc94336d0 code [0x00007f3bc9433820, 0x00007f3bc94338f8]
Event: 69.257 Thread 0x00007f3bd80b4800 1065       4       java.lang.String::concat (47 bytes)
Event: 69.269 Thread 0x00007f3bd80b4800 nmethod 1065 0x00007f3bc9432f10 code [0x00007f3bc9433080, 0x00007f3bc9433438]

GC Heap History (9 events):
Event: 7.246 GC heap before
{Heap before GC invocations=1 (full 0):
 PSYoungGen      total 14336K, used 12274K [0x00000000f0580000, 0x00000000f1580000, 0x0000000100000000)
  eden space 12288K, 99% used [0x00000000f0580000,0x00000000f117cb60,0x00000000f1180000)
  from space 2048K, 0% used [0x00000000f1380000,0x00000000f1380000,0x00000000f1580000)
  to   space 2048K, 0% used [0x00000000f1180000,0x00000000f1180000,0x00000000f1380000)
 ParOldGen       total 32768K, used 0K [0x00000000d1000000, 0x00000000d3000000, 0x00000000f0580000)
  object space 32768K, 0% used [0x00000000d1000000,0x00000000d1000000,0x00000000d3000000)
 Metaspace       used 6072K, capacity 6284K, committed 6400K, reserved 1056768K
  class space    used 690K, capacity 760K, committed 768K, reserved 1048576K
Event: 7.309 GC heap after
Heap after GC invocations=1 (full 0):
 PSYoungGen      total 14336K, used 2030K [0x00000000f0580000, 0x00000000f1580000, 0x0000000100000000)
  eden space 12288K, 0% used [0x00000000f0580000,0x00000000f0580000,0x00000000f1180000)
  from space 2048K, 99% used [0x00000000f1180000,0x00000000f137bbb0,0x00000000f1380000)
  to   space 2048K, 0% used [0x00000000f1380000,0x00000000f1380000,0x00000000f1580000)
 ParOldGen       total 32768K, used 740K [0x00000000d1000000, 0x00000000d3000000, 0x00000000f0580000)
  object space 32768K, 2% used [0x00000000d1000000,0x00000000d10b9010,0x00000000d3000000)
 Metaspace       used 6072K, capacity 6284K, committed 6400K, reserved 1056768K
  class space    used 690K, capacity 760K, committed 768K, reserved 1048576K
}
Event: 19.345 GC heap before
{Heap before GC invocations=2 (full 0):
 PSYoungGen      total 14336K, used 14318K [0x00000000f0580000, 0x00000000f1580000, 0x0000000100000000)
  eden space 12288K, 100% used [0x00000000f0580000,0x00000000f1180000,0x00000000f1180000)
  from space 2048K, 99% used [0x00000000f1180000,0x00000000f137bbb0,0x00000000f1380000)
  to   space 2048K, 0% used [0x00000000f1380000,0x00000000f1380000,0x00000000f1580000)
 ParOldGen       total 32768K, used 740K [0x00000000d1000000, 0x00000000d3000000, 0x00000000f0580000)
  object space 32768K, 2% used [0x00000000d1000000,0x00000000d10b9010,0x00000000d3000000)
 Metaspace       used 7586K, capacity 7732K, committed 7936K, reserved 1056768K
  class space    used 917K, capacity 984K, committed 1024K, reserved 1048576K
Event: 19.648 GC heap after
Heap after GC invocations=2 (full 0):
 PSYoungGen      total 14336K, used 2035K [0x00000000f0580000, 0x00000000f2180000, 0x0000000100000000)
  eden space 12288K, 0% used [0x00000000f0580000,0x00000000f0580000,0x00000000f1180000)
  from space 2048K, 99% used [0x00000000f1380000,0x00000000f157ce20,0x00000000f1580000)
  to   space 2048K, 0% used [0x00000000f1180000,0x00000000f1180000,0x00000000f1380000)
 ParOldGen       total 32768K, used 1341K [0x00000000d1000000, 0x00000000d3000000, 0x00000000f0580000)
  object space 32768K, 4% used [0x00000000d1000000,0x00000000d114f5a8,0x00000000d3000000)
 Metaspace       used 7586K, capacity 7732K, committed 7936K, reserved 1056768K
  class space    used 917K, capacity 984K, committed 1024K, reserved 1048576K
}
Event: 25.029 GC heap before
{Heap before GC invocations=3 (full 0):
 PSYoungGen      total 14336K, used 14323K [0x00000000f0580000, 0x00000000f2180000, 0x0000000100000000)
  eden space 12288K, 100% used [0x00000000f0580000,0x00000000f1180000,0x00000000f1180000)
  from space 2048K, 99% used [0x00000000f1380000,0x00000000f157ce20,0x00000000f1580000)
  to   space 2048K, 0% used [0x00000000f1180000,0x00000000f1180000,0x00000000f1380000)
 ParOldGen       total 32768K, used 1341K [0x00000000d1000000, 0x00000000d3000000, 0x00000000f0580000)
  object space 32768K, 4% used [0x00000000d1000000,0x00000000d114f5a8,0x00000000d3000000)
 Metaspace       used 8371K, capacity 8506K, committed 8832K, reserved 1056768K
  class space    used 1013K, capacity 1049K, committed 1152K, reserved 1048576K
Event: 25.448 GC heap after
Heap after GC invocations=3 (full 0):
 PSYoungGen      total 14336K, used 2019K [0x00000000f0580000, 0x00000000f2180000, 0x0000000100000000)
  eden space 12288K, 0% used [0x00000000f0580000,0x00000000f0580000,0x00000000f1180000)
  from space 2048K, 98% used [0x00000000f1180000,0x00000000f1378f60,0x00000000f1380000)
  to   space 2048K, 0% used [0x00000000f1f80000,0x00000000f1f80000,0x00000000f2180000)
 ParOldGen       total 32768K, used 2177K [0x00000000d1000000, 0x00000000d3000000, 0x00000000f0580000)
  object space 32768K, 6% used [0x00000000d1000000,0x00000000d1220430,0x00000000d3000000)
 Metaspace       used 8371K, capacity 8506K, committed 8832K, reserved 1056768K
  class space    used 1013K, capacity 1049K, committed 1152K, reserved 1048576K
}
Event: 37.396 GC heap before
{Heap before GC invocations=4 (full 0):
 PSYoungGen      total 14336K, used 14307K [0x00000000f0580000, 0x00000000f2180000, 0x0000000100000000)
  eden space 12288K, 100% used [0x00000000f0580000,0x00000000f1180000,0x00000000f1180000)
  from space 2048K, 98% used [0x00000000f1180000,0x00000000f1378f60,0x00000000f1380000)
  to   space 2048K, 0% used [0x00000000f1f80000,0x00000000f1f80000,0x00000000f2180000)
 ParOldGen       total 32768K, used 2177K [0x00000000d1000000, 0x00000000d3000000, 0x00000000f0580000)
  object space 32768K, 6% used [0x00000000d1000000,0x00000000d1220430,0x00000000d3000000)
 Metaspace       used 9942K, capacity 10096K, committed 10368K, reserved 1058816K
  class space    used 1201K, capacity 1281K, committed 1408K, reserved 1048576K
Event: 38.497 GC heap after
Heap after GC invocations=4 (full 0):
 PSYoungGen      total 26624K, used 2016K [0x00000000f0580000, 0x00000000f2180000, 0x0000000100000000)
  eden space 24576K, 0% used [0x00000000f0580000,0x00000000f0580000,0x00000000f1d80000)
  from space 2048K, 98% used [0x00000000f1f80000,0x00000000f2178020,0x00000000f2180000)
  to   space 2048K, 0% used [0x00000000f1d80000,0x00000000f1d80000,0x00000000f1f80000)
 ParOldGen       total 32768K, used 3990K [0x00000000d1000000, 0x00000000d3000000, 0x00000000f0580000)
  object space 32768K, 12% used [0x00000000d1000000,0x00000000d13e5870,0x00000000d3000000)
 Metaspace       used 9942K, capacity 10096K, committed 10368K, reserved 1058816K
  class space    used 1201K, capacity 1281K, committed 1408K, reserved 1048576K
}
Event: 69.322 GC heap before
{Heap before GC invocations=5 (full 0):
 PSYoungGen      total 26624K, used 26592K [0x00000000f0580000, 0x00000000f2180000, 0x0000000100000000)
  eden space 24576K, 100% used [0x00000000f0580000,0x00000000f1d80000,0x00000000f1d80000)
  from space 2048K, 98% used [0x00000000f1f80000,0x00000000f2178020,0x00000000f2180000)
  to   space 2048K, 0% used [0x00000000f1d80000,0x00000000f1d80000,0x00000000f1f80000)
 ParOldGen       total 32768K, used 3990K [0x00000000d1000000, 0x00000000d3000000, 0x00000000f0580000)
  object space 32768K, 12% used [0x00000000d1000000,0x00000000d13e5870,0x00000000d3000000)
 Metaspace       used 12617K, capacity 12844K, committed 12928K, reserved 1060864K
  class space    used 1551K, capacity 1638K, committed 1664K, reserved 1048576K

Deoptimization events (5 events):
Event: 5.453 Thread 0x00007f3bd800b000 Uncommon trap: reason=unstable_if action=reinterpret pc=0x00007f3bc919f670 method=java.lang.String.replace(CC)Ljava/lang/String; @ 26
Event: 12.153 Thread 0x00007f3bd800b000 Uncommon trap: reason=range_check action=make_not_entrant pc=0x00007f3bc9228a00 method=sun.reflect.generics.parser.SignatureParser.current()C @ 34
Event: 16.789 Thread 0x00007f3bd800b000 Uncommon trap: reason=unstable_if action=reinterpret pc=0x00007f3bc91808c8 method=org.codehaus.plexus.util.xml.pull.MXParser.more()C @ 8
Event: 23.397 Thread 0x00007f3bd800b000 Uncommon trap: reason=unstable_if action=reinterpret pc=0x00007f3bc922ba5c method=java.util.HashMap.getNode(ILjava/lang/Object;)Ljava/util/HashMap$Node; @ 129
Event: 25.957 Thread 0x00007f3bd800b000 Uncommon trap: reason=unstable_if action=reinterpret pc=0x00007f3bc9294470 method=java.util.HashMap.getNode(ILjava/lang/Object;)Ljava/util/HashMap$Node; @ 129

Classes redefined (0 events):
No events

Internal exceptions (10 events):
Event: 12.076 Thread 0x00007f3bd800b000 Exception <a 'java/lang/ArrayIndexOutOfBoundsException'> (0x00000000f0b4a590) thrown at [/build/openjdk-8-g3XteX/openjdk-8-8u222-b10/src/hotspot/src/share/vm/runtime/sharedRuntime.cpp, line 605]
Event: 12.076 Thread 0x00007f3bd800b000 Exception <a 'java/lang/ArrayIndexOutOfBoundsException'> (0x00000000f0b4b320) thrown at [/build/openjdk-8-g3XteX/openjdk-8-8u222-b10/src/hotspot/src/share/vm/runtime/sharedRuntime.cpp, line 605]
Event: 12.076 Thread 0x00007f3bd800b000 Exception <a 'java/lang/ArrayIndexOutOfBoundsException'> (0x00000000f0b4c980) thrown at [/build/openjdk-8-g3XteX/openjdk-8-8u222-b10/src/hotspot/src/share/vm/runtime/sharedRuntime.cpp, line 605]
Event: 12.076 Thread 0x00007f3bd800b000 Exception <a 'java/lang/ArrayIndexOutOfBoundsException'> (0x00000000f0b4e068) thrown at [/build/openjdk-8-g3XteX/openjdk-8-8u222-b10/src/hotspot/src/share/vm/runtime/sharedRuntime.cpp, line 605]
Event: 12.077 Thread 0x00007f3bd800b000 Exception <a 'java/lang/ArrayIndexOutOfBoundsException'> (0x00000000f0b4feb8) thrown at [/build/openjdk-8-g3XteX/openjdk-8-8u222-b10/src/hotspot/src/share/vm/runtime/sharedRuntime.cpp, line 605]
Event: 12.078 Thread 0x00007f3bd800b000 Exception <a 'java/lang/ArrayIndexOutOfBoundsException'> (0x00000000f0b51b68) thrown at [/build/openjdk-8-g3XteX/openjdk-8-8u222-b10/src/hotspot/src/share/vm/runtime/sharedRuntime.cpp, line 605]
Event: 12.078 Thread 0x00007f3bd800b000 Exception <a 'java/lang/ArrayIndexOutOfBoundsException'> (0x00000000f0b532c0) thrown at [/build/openjdk-8-g3XteX/openjdk-8-8u222-b10/src/hotspot/src/share/vm/runtime/sharedRuntime.cpp, line 605]
Event: 12.079 Thread 0x00007f3bd800b000 Exception <a 'java/lang/ArrayIndexOutOfBoundsException'> (0x00000000f0b54a88) thrown at [/build/openjdk-8-g3XteX/openjdk-8-8u222-b10/src/hotspot/src/share/vm/runtime/sharedRuntime.cpp, line 605]
Event: 12.231 Thread 0x00007f3bd800b000 Exception <a 'java/lang/ArrayIndexOutOfBoundsException': 113> (0x00000000f0b567d8) thrown at [/build/openjdk-8-g3XteX/openjdk-8-8u222-b10/src/hotspot/src/share/vm/interpreter/interpreterRuntime.cpp, line 368]
Event: 12.275 Thread 0x00007f3bd800b000 Exception <a 'java/lang/ArrayIndexOutOfBoundsException': 71> (0x00000000f0b57d30) thrown at [/build/openjdk-8-g3XteX/openjdk-8-8u222-b10/src/hotspot/src/share/vm/interpreter/interpreterRuntime.cpp, line 368]

Events (10 events):
Event: 68.369 loading class org/eclipse/sisu/plexus/PlexusRequirements$RequirementMapProvider done
Event: 68.556 loading class org/eclipse/sisu/plexus/PlexusConfigurations$ConfigurationProvider
Event: 68.556 loading class org/eclipse/sisu/plexus/PlexusConfigurations$ConfigurationProvider done
Event: 69.037 loading class com/google/inject/internal/SingleParameterInjector
Event: 69.037 loading class com/google/inject/internal/SingleParameterInjector done
Event: 69.152 loading class com/google/inject/internal/InjectorImpl$JitLimitation
Event: 69.152 loading class com/google/inject/internal/InjectorImpl$JitLimitation done
Event: 69.197 loading class com/google/inject/internal/DefaultConstructionProxyFactory$2
Event: 69.197 loading class com/google/inject/internal/DefaultConstructionProxyFactory$2 done
Event: 69.322 Executing VM operation: ParallelGCFailedAllocation


Dynamic libraries:
00400000-00401000 r-xp 00000000 08:01 586778                             /usr/lib/jvm/java-8-openjdk-amd64/jre/bin/java
00600000-00601000 r--p 00000000 08:01 586778                             /usr/lib/jvm/java-8-openjdk-amd64/jre/bin/java
00601000-00602000 rw-p 00001000 08:01 586778                             /usr/lib/jvm/java-8-openjdk-amd64/jre/bin/java
00eb6000-00ed7000 rw-p 00000000 00:00 0                                  [heap]
d1000000-d3000000 rw-p 00000000 00:00 0 
d3000000-f0580000 ---p 00000000 00:00 0 
f0580000-f2180000 rw-p 00000000 00:00 0 
f4080000-100000000 ---p 00000000 00:00 0 
100000000-1001a0000 rw-p 00000000 00:00 0 
1001a0000-140000000 ---p 00000000 00:00 0 
7f3b9c000000-7f3b9c021000 rw-p 00000000 00:00 0 
7f3b9c021000-7f3ba0000000 ---p 00000000 00:00 0 
7f3ba0000000-7f3ba0021000 rw-p 00000000 00:00 0 
7f3ba0021000-7f3ba4000000 ---p 00000000 00:00 0 
7f3ba4000000-7f3ba42f1000 rw-p 00000000 00:00 0 
7f3ba42f1000-7f3ba8000000 ---p 00000000 00:00 0 
7f3ba8000000-7f3ba82d2000 rw-p 00000000 00:00 0 
7f3ba82d2000-7f3bac000000 ---p 00000000 00:00 0 
7f3bac000000-7f3bac021000 rw-p 00000000 00:00 0 
7f3bac021000-7f3bb0000000 ---p 00000000 00:00 0 
7f3bb359d000-7f3bb369d000 rw-p 00000000 00:00 0 
7f3bb369d000-7f3bb379d000 ---p 00000000 00:00 0 
7f3bb379d000-7f3bb399d000 rw-p 00000000 00:00 0 
7f3bb399d000-7f3bb399e000 r--s 00001000 08:01 74116                      /usr/share/java/wagon-http-shared-2.x.jar
7f3bb399e000-7f3bb39a2000 r--s 00038000 08:01 74056                      /usr/share/java/plexus-utils2.jar
7f3bb39a2000-7f3bb39a6000 r--s 00027000 08:01 73601                      /usr/share/java/commons-io-2.4.jar
7f3bb39a6000-7f3bb39ad000 r--s 0005d000 08:01 73613                      /usr/share/java/commons-lang3.jar
7f3bb39ad000-7f3bb39b3000 r--s 00048000 08:01 73782                      /usr/share/java/jsoup.jar
7f3bb39b3000-7f3bb39b4000 r--s 00004000 08:01 73520                      /usr/share/java/atinject-jsr330-tck-1.0.jar
7f3bb39b4000-7f3bb39b5000 r--s 00001000 08:01 74109                      /usr/share/java/wagon-file-2.x.jar
7f3bb39b5000-7f3bb39b6000 r--s 0000a000 08:01 74130                      /usr/share/java/maven3-settings-3.3.9.jar
7f3bb39b6000-7f3bb39b8000 r--s 00007000 08:01 73758                      /usr/share/java/slf4j-api.jar
7f3bb39b8000-7f3bb39ba000 r--s 00002000 08:01 73994                      /usr/share/java/plexus-cipher.jar
7f3bb39ba000-7f3bb39bf000 r--s 0001d000 08:01 73879                      /usr/share/java/eclipse-aether-api.jar
7f3bb39bf000-7f3bb39c3000 r--s 00020000 08:01 73880                      /usr/share/java/eclipse-aether-util.jar
7f3bb39c3000-7f3bb39c8000 r--s 00040000 08:01 73607                      /usr/share/java/commons-lang-2.6.jar
7f3bb39c8000-7f3bb39cf000 r--s 00041000 08:01 74132                      /usr/share/java/maven3-compat-3.3.9.jar
7f3bb39cf000-7f3bb39d3000 r--s 00027000 08:01 73872                      /usr/share/java/eclipse-aether-impl.jar
7f3bb39d3000-7f3bb39d4000 r--s 00002000 08:01 73755                      /usr/share/java/slf4j-simple.jar
7f3bb39d4000-7f3bb39d6000 r--s 0000e000 08:01 73717                      /usr/share/java/plexus-interpolation.jar
7f3bb39d6000-7f3bb39dd000 r--s 0002c000 08:01 74103                      /usr/share/java/sisu-plexus.jar
7f3bb39dd000-7f3bb39df000 r--s 00013000 08:01 74136                      /usr/share/java/maven3-embedder-3.3.9.jar
7f3bb39df000-7f3bb39e1000 r--s 00012000 08:01 18944                      /usr/share/java/el-api-3.0.jar
7f3bb39e1000-7f3bb39e4000 r--s 00008000 08:01 73549                      /usr/share/java/cdi-api-1.0.jar
7f3bb39e4000-7f3bb39f2000 r--s 00095000 08:01 73904                      /usr/share/java/guice.jar
7f3bb39f2000-7f3bb39ff000 r--s 0008d000 08:01 74133                      /usr/share/java/maven3-core-3.3.9.jar
7f3bb39ff000-7f3bb3a07000 r--s 00054000 08:01 74097                      /usr/share/java/sisu-inject.jar
7f3bb3a07000-7f3bb3a38000 r--s 00207000 08:01 74113                      /usr/share/java/wagon-http-shaded-2.x.jar
7f3bb3a38000-7f3bb3a64000 r--s 00208000 08:01 73795                      /usr/share/java/guava.jar
7f3bb3a64000-7f3bb3a65000 ---p 00000000 00:00 0 
7f3bb3a65000-7f3bb3b65000 rw-p 00000000 00:00 0 
7f3bb3b65000-7f3bb3b68000 ---p 00000000 00:00 0 
7f3bb3b68000-7f3bb3c66000 rw-p 00000000 00:00 0 
7f3bb3c66000-7f3bb3c69000 ---p 00000000 00:00 0 
7f3bb3c69000-7f3bb3d67000 rw-p 00000000 00:00 0 
7f3bb3d67000-7f3bb3d6a000 ---p 00000000 00:00 0 
7f3bb3d6a000-7f3bb3e68000 rw-p 00000000 00:00 0 
7f3bb3e68000-7f3bb4000000 r--p 00000000 08:01 27557                      /usr/lib/locale/locale-archive
7f3bb4000000-7f3bb4021000 rw-p 00000000 00:00 0 
7f3bb4021000-7f3bb8000000 ---p 00000000 00:00 0 
7f3bb8000000-7f3bb8021000 rw-p 00000000 00:00 0 
7f3bb8021000-7f3bbc000000 ---p 00000000 00:00 0 
7f3bbc000000-7f3bbc021000 rw-p 00000000 00:00 0 
7f3bbc021000-7f3bc0000000 ---p 00000000 00:00 0 
7f3bc0000000-7f3bc0021000 rw-p 00000000 00:00 0 
7f3bc0021000-7f3bc4000000 ---p 00000000 00:00 0 
7f3bc4000000-7f3bc4021000 rw-p 00000000 00:00 0 
7f3bc4021000-7f3bc8000000 ---p 00000000 00:00 0 
7f3bc8000000-7f3bc8001000 r--s 00000000 08:01 73534                      /usr/share/java/geronimo-interceptor-3.0-spec-1.0.1.jar
7f3bc8001000-7f3bc8002000 r--s 00000000 08:01 73521                      /usr/share/java/atinject-jsr330-api-1.0.jar
7f3bc8002000-7f3bc8004000 r--s 00027000 08:01 74137                      /usr/share/java/maven3-model-3.3.9.jar
7f3bc8004000-7f3bc8007000 r--s 00007000 08:01 74139                      /usr/share/java/maven3-settings-builder-3.3.9.jar
7f3bc8007000-7f3bc8008000 r--s 00008000 08:01 73875                      /usr/share/java/eclipse-aether-connector-basic.jar
7f3bc8008000-7f3bc800a000 r--s 0000a000 08:01 74110                      /usr/share/java/wagon-provider-api-2.x.jar
7f3bc800a000-7f3bc800b000 r--s 00006000 08:01 74000                      /usr/share/java/plexus-sec-dispatcher.jar
7f3bc800b000-7f3bc800d000 r--s 00005000 08:01 73878                      /usr/share/java/eclipse-aether-transport-wagon.jar
7f3bc800d000-7f3bc800f000 r--s 00001000 08:01 74140                      /usr/share/java/maven3-builder-support-3.3.9.jar
7f3bc800f000-7f3bc8011000 r--s 00006000 08:01 73877                      /usr/share/java/eclipse-aether-spi.jar
7f3bc8011000-7f3bc8013000 r--s 0000a000 08:01 74131                      /usr/share/java/maven3-plugin-api-3.3.9.jar
7f3bc8013000-7f3bc8018000 r--s 00025000 08:01 74135                      /usr/share/java/maven3-model-builder-3.3.9.jar
7f3bc8018000-7f3bc8019000 r--s 00006000 08:01 74134                      /usr/share/java/maven3-repository-metadata-3.3.9.jar
7f3bc8019000-7f3bc801c000 r--s 0000a000 08:01 74141                      /usr/share/java/maven3-artifact-3.3.9.jar
7f3bc801c000-7f3bc801e000 r--s 00001000 08:01 73895                      /usr/share/java/aopalliance-1.0.jar
7f3bc801e000-7f3bc8020000 r--s 00000000 08:01 74068                      /usr/share/java/plexus-component-annotations-1.5.jar
7f3bc8020000-7f3bc8022000 r--s 0000a000 08:01 73569                      /usr/share/java/commons-cli-1.3.1.jar
7f3bc8022000-7f3bc803d000 r--s 00394000 08:01 586829                     /usr/lib/jvm/java-8-openjdk-amd64/jre/lib/ext/cldrdata.jar
7f3bc803d000-7f3bc8040000 r--s 00039000 08:01 586828                     /usr/lib/jvm/java-8-openjdk-amd64/jre/lib/ext/sunpkcs11.jar
7f3bc8040000-7f3bc804a000 r--s 00116000 08:01 586833                     /usr/lib/jvm/java-8-openjdk-amd64/jre/lib/ext/localedata.jar
7f3bc804a000-7f3bc804d000 ---p 00000000 00:00 0 
7f3bc804d000-7f3bc814b000 rw-p 00000000 00:00 0 
7f3bc814b000-7f3bc814e000 ---p 00000000 00:00 0 
7f3bc814e000-7f3bc824c000 rw-p 00000000 00:00 0 
7f3bc824c000-7f3bc824f000 ---p 00000000 00:00 0 
7f3bc824f000-7f3bc834d000 rw-p 00000000 00:00 0 
7f3bc834d000-7f3bc834e000 ---p 00000000 00:00 0 
7f3bc834e000-7f3bc8dba000 rw-p 00000000 00:00 0 
7f3bc8dba000-7f3bc8f8a000 r--s 03c5c000 08:01 586810                     /usr/lib/jvm/java-8-openjdk-amd64/jre/lib/rt.jar
7f3bc8f8a000-7f3bc9000000 rw-p 00000000 00:00 0 
7f3bc9000000-7f3bc9440000 rwxp 00000000 00:00 0 
7f3bc9440000-7f3bd8000000 ---p 00000000 00:00 0 
7f3bd8000000-7f3bd87b3000 rw-p 00000000 00:00 0 
7f3bd87b3000-7f3bdc000000 ---p 00000000 00:00 0 
7f3bdc000000-7f3bdc002000 r--s 0000d000 08:01 74138                      /usr/share/java/maven3-aether-provider-3.3.9.jar
7f3bdc002000-7f3bdc01d000 r--s 001d6000 08:01 586826                     /usr/lib/jvm/java-8-openjdk-amd64/jre/lib/ext/nashorn.jar
7f3bdc01d000-7f3bde115000 rw-p 00000000 00:00 0 
7f3bde115000-7f3bde116000 ---p 00000000 00:00 0 
7f3bde116000-7f3bde216000 rw-p 00000000 00:00 0 
7f3bde216000-7f3bde217000 ---p 00000000 00:00 0 
7f3bde217000-7f3bde327000 rw-p 00000000 00:00 0 
7f3bde327000-7f3bde412000 ---p 00000000 00:00 0 
7f3bde412000-7f3bde422000 rw-p 00000000 00:00 0 
7f3bde422000-7f3bde50c000 ---p 00000000 00:00 0 
7f3bde50c000-7f3bde51b000 rw-p 00000000 00:00 0 
7f3bde51b000-7f3bde58a000 ---p 00000000 00:00 0 
7f3bde58a000-7f3bde59c000 rw-p 00000000 00:00 0 
7f3bde59c000-7f3bde94b000 ---p 00000000 00:00 0 
7f3bde94b000-7f3bde953000 r-xp 00000000 08:01 586864                     /usr/lib/jvm/java-8-openjdk-amd64/jre/lib/amd64/libzip.so
7f3bde953000-7f3bdeb52000 ---p 00008000 08:01 586864                     /usr/lib/jvm/java-8-openjdk-amd64/jre/lib/amd64/libzip.so
7f3bdeb52000-7f3bdeb53000 r--p 00007000 08:01 586864                     /usr/lib/jvm/java-8-openjdk-amd64/jre/lib/amd64/libzip.so
7f3bdeb53000-7f3bdeb54000 rw-p 00008000 08:01 586864                     /usr/lib/jvm/java-8-openjdk-amd64/jre/lib/amd64/libzip.so
7f3bdeb54000-7f3bdeb5f000 r-xp 00000000 08:01 28333                      /lib/x86_64-linux-gnu/libnss_files-2.23.so
7f3bdeb5f000-7f3bded5e000 ---p 0000b000 08:01 28333                      /lib/x86_64-linux-gnu/libnss_files-2.23.so
7f3bded5e000-7f3bded5f000 r--p 0000a000 08:01 28333                      /lib/x86_64-linux-gnu/libnss_files-2.23.so
7f3bded5f000-7f3bded60000 rw-p 0000b000 08:01 28333                      /lib/x86_64-linux-gnu/libnss_files-2.23.so
7f3bded60000-7f3bded66000 rw-p 00000000 00:00 0 
7f3bded66000-7f3bded71000 r-xp 00000000 08:01 28304                      /lib/x86_64-linux-gnu/libnss_nis-2.23.so
7f3bded71000-7f3bdef70000 ---p 0000b000 08:01 28304                      /lib/x86_64-linux-gnu/libnss_nis-2.23.so
7f3bdef70000-7f3bdef71000 r--p 0000a000 08:01 28304                      /lib/x86_64-linux-gnu/libnss_nis-2.23.so
7f3bdef71000-7f3bdef72000 rw-p 0000b000 08:01 28304                      /lib/x86_64-linux-gnu/libnss_nis-2.23.so
7f3bdef72000-7f3bdef88000 r-xp 00000000 08:01 28318                      /lib/x86_64-linux-gnu/libnsl-2.23.so
7f3bdef88000-7f3bdf187000 ---p 00016000 08:01 28318                      /lib/x86_64-linux-gnu/libnsl-2.23.so
7f3bdf187000-7f3bdf188000 r--p 00015000 08:01 28318                      /lib/x86_64-linux-gnu/libnsl-2.23.so
7f3bdf188000-7f3bdf189000 rw-p 00016000 08:01 28318                      /lib/x86_64-linux-gnu/libnsl-2.23.so
7f3bdf189000-7f3bdf18b000 rw-p 00000000 00:00 0 
7f3bdf18b000-7f3bdf193000 r-xp 00000000 08:01 28340                      /lib/x86_64-linux-gnu/libnss_compat-2.23.so
7f3bdf193000-7f3bdf392000 ---p 00008000 08:01 28340                      /lib/x86_64-linux-gnu/libnss_compat-2.23.so
7f3bdf392000-7f3bdf393000 r--p 00007000 08:01 28340                      /lib/x86_64-linux-gnu/libnss_compat-2.23.so
7f3bdf393000-7f3bdf394000 rw-p 00008000 08:01 28340                      /lib/x86_64-linux-gnu/libnss_compat-2.23.so
7f3bdf394000-7f3bdf3bd000 r-xp 00000000 08:01 586849                     /usr/lib/jvm/java-8-openjdk-amd64/jre/lib/amd64/libjava.so
7f3bdf3bd000-7f3bdf5bc000 ---p 00029000 08:01 586849                     /usr/lib/jvm/java-8-openjdk-amd64/jre/lib/amd64/libjava.so
7f3bdf5bc000-7f3bdf5bd000 r--p 00028000 08:01 586849                     /usr/lib/jvm/java-8-openjdk-amd64/jre/lib/amd64/libjava.so
7f3bdf5bd000-7f3bdf5bf000 rw-p 00029000 08:01 586849                     /usr/lib/jvm/java-8-openjdk-amd64/jre/lib/amd64/libjava.so
7f3bdf5bf000-7f3bdf5ce000 r-xp 00000000 08:01 586866                     /usr/lib/jvm/java-8-openjdk-amd64/jre/lib/amd64/libverify.so
7f3bdf5ce000-7f3bdf7cd000 ---p 0000f000 08:01 586866                     /usr/lib/jvm/java-8-openjdk-amd64/jre/lib/amd64/libverify.so
7f3bdf7cd000-7f3bdf7cf000 r--p 0000e000 08:01 586866                     /usr/lib/jvm/java-8-openjdk-amd64/jre/lib/amd64/libverify.so
7f3bdf7cf000-7f3bdf7d0000 rw-p 00010000 08:01 586866                     /usr/lib/jvm/java-8-openjdk-amd64/jre/lib/amd64/libverify.so
7f3bdf7d0000-7f3bdf7d7000 r-xp 00000000 08:01 28284                      /lib/x86_64-linux-gnu/librt-2.23.so
7f3bdf7d7000-7f3bdf9d6000 ---p 00007000 08:01 28284                      /lib/x86_64-linux-gnu/librt-2.23.so
7f3bdf9d6000-7f3bdf9d7000 r--p 00006000 08:01 28284                      /lib/x86_64-linux-gnu/librt-2.23.so
7f3bdf9d7000-7f3bdf9d8000 rw-p 00007000 08:01 28284                      /lib/x86_64-linux-gnu/librt-2.23.so
7f3bdf9d8000-7f3bdf9ee000 r-xp 00000000 08:01 1963                       /lib/x86_64-linux-gnu/libgcc_s.so.1
7f3bdf9ee000-7f3bdfbed000 ---p 00016000 08:01 1963                       /lib/x86_64-linux-gnu/libgcc_s.so.1
7f3bdfbed000-7f3bdfbee000 rw-p 00015000 08:01 1963                       /lib/x86_64-linux-gnu/libgcc_s.so.1
7f3bdfbee000-7f3bdfcf6000 r-xp 00000000 08:01 28347                      /lib/x86_64-linux-gnu/libm-2.23.so
7f3bdfcf6000-7f3bdfef5000 ---p 00108000 08:01 28347                      /lib/x86_64-linux-gnu/libm-2.23.so
7f3bdfef5000-7f3bdfef6000 r--p 00107000 08:01 28347                      /lib/x86_64-linux-gnu/libm-2.23.so
7f3bdfef6000-7f3bdfef7000 rw-p 00108000 08:01 28347                      /lib/x86_64-linux-gnu/libm-2.23.so
7f3bdfef7000-7f3be0069000 r-xp 00000000 08:01 1953                       /usr/lib/x86_64-linux-gnu/libstdc++.so.6.0.21
7f3be0069000-7f3be0269000 ---p 00172000 08:01 1953                       /usr/lib/x86_64-linux-gnu/libstdc++.so.6.0.21
7f3be0269000-7f3be0273000 r--p 00172000 08:01 1953                       /usr/lib/x86_64-linux-gnu/libstdc++.so.6.0.21
7f3be0273000-7f3be0275000 rw-p 0017c000 08:01 1953                       /usr/lib/x86_64-linux-gnu/libstdc++.so.6.0.21
7f3be0275000-7f3be0279000 rw-p 00000000 00:00 0 
7f3be0279000-7f3be0edd000 r-xp 00000000 08:01 590964                     /usr/lib/jvm/java-8-openjdk-amd64/jre/lib/amd64/server/libjvm.so
7f3be0edd000-7f3be10dc000 ---p 00c64000 08:01 590964                     /usr/lib/jvm/java-8-openjdk-amd64/jre/lib/amd64/server/libjvm.so
7f3be10dc000-7f3be1170000 r--p 00c63000 08:01 590964                     /usr/lib/jvm/java-8-openjdk-amd64/jre/lib/amd64/server/libjvm.so
7f3be1170000-7f3be1199000 rw-p 00cf7000 08:01 590964                     /usr/lib/jvm/java-8-openjdk-amd64/jre/lib/amd64/server/libjvm.so
7f3be1199000-7f3be11c9000 rw-p 00000000 00:00 0 
7f3be11c9000-7f3be11e1000 r-xp 00000000 08:01 28294                      /lib/x86_64-linux-gnu/libpthread-2.23.so
7f3be11e1000-7f3be13e0000 ---p 00018000 08:01 28294                      /lib/x86_64-linux-gnu/libpthread-2.23.so
7f3be13e0000-7f3be13e1000 r--p 00017000 08:01 28294                      /lib/x86_64-linux-gnu/libpthread-2.23.so
7f3be13e1000-7f3be13e2000 rw-p 00018000 08:01 28294                      /lib/x86_64-linux-gnu/libpthread-2.23.so
7f3be13e2000-7f3be13e6000 rw-p 00000000 00:00 0 
7f3be13e6000-7f3be13e9000 r-xp 00000000 08:01 28287                      /lib/x86_64-linux-gnu/libdl-2.23.so
7f3be13e9000-7f3be15e8000 ---p 00003000 08:01 28287                      /lib/x86_64-linux-gnu/libdl-2.23.so
7f3be15e8000-7f3be15e9000 r--p 00002000 08:01 28287                      /lib/x86_64-linux-gnu/libdl-2.23.so
7f3be15e9000-7f3be15ea000 rw-p 00003000 08:01 28287                      /lib/x86_64-linux-gnu/libdl-2.23.so
7f3be15ea000-7f3be1603000 r-xp 00000000 08:01 2112                       /lib/x86_64-linux-gnu/libz.so.1.2.8
7f3be1603000-7f3be1802000 ---p 00019000 08:01 2112                       /lib/x86_64-linux-gnu/libz.so.1.2.8
7f3be1802000-7f3be1803000 r--p 00018000 08:01 2112                       /lib/x86_64-linux-gnu/libz.so.1.2.8
7f3be1803000-7f3be1804000 rw-p 00019000 08:01 2112                       /lib/x86_64-linux-gnu/libz.so.1.2.8
7f3be1804000-7f3be19c4000 r-xp 00000000 08:01 28339                      /lib/x86_64-linux-gnu/libc-2.23.so
7f3be19c4000-7f3be1bc4000 ---p 001c0000 08:01 28339                      /lib/x86_64-linux-gnu/libc-2.23.so
7f3be1bc4000-7f3be1bc8000 r--p 001c0000 08:01 28339                      /lib/x86_64-linux-gnu/libc-2.23.so
7f3be1bc8000-7f3be1bca000 rw-p 001c4000 08:01 28339                      /lib/x86_64-linux-gnu/libc-2.23.so
7f3be1bca000-7f3be1bce000 rw-p 00000000 00:00 0 
7f3be1bce000-7f3be1bdb000 r-xp 00000000 08:01 586858                     /usr/lib/jvm/java-8-openjdk-amd64/jre/lib/amd64/jli/libjli.so
7f3be1bdb000-7f3be1dda000 ---p 0000d000 08:01 586858                     /usr/lib/jvm/java-8-openjdk-amd64/jre/lib/amd64/jli/libjli.so
7f3be1dda000-7f3be1ddb000 r--p 0000c000 08:01 586858                     /usr/lib/jvm/java-8-openjdk-amd64/jre/lib/amd64/jli/libjli.so
7f3be1ddb000-7f3be1ddc000 rw-p 0000d000 08:01 586858                     /usr/lib/jvm/java-8-openjdk-amd64/jre/lib/amd64/jli/libjli.so
7f3be1ddc000-7f3be1e02000 r-xp 00000000 08:01 28292                      /lib/x86_64-linux-gnu/ld-2.23.so
7f3be1e02000-7f3be1e04000 r--s 0000a000 08:01 74050                      /usr/share/java/plexus-classworlds2-2.5.2.jar
7f3be1e04000-7f3be1ee4000 rw-p 00000000 00:00 0 
7f3be1ee4000-7f3be1ee7000 ---p 00000000 00:00 0 
7f3be1ee7000-7f3be1fe9000 rw-p 00000000 00:00 0 
7f3be1fe9000-7f3be1fea000 r--s 0000d000 08:01 586824                     /usr/lib/jvm/java-8-openjdk-amd64/jre/lib/ext/sunec.jar
7f3be1fea000-7f3be1fec000 r--s 00001000 08:01 586830                     /usr/lib/jvm/java-8-openjdk-amd64/jre/lib/ext/dnsns.jar
7f3be1fec000-7f3be1fef000 r--s 0000f000 08:01 586825                     /usr/lib/jvm/java-8-openjdk-amd64/jre/lib/ext/icedtea-sound.jar
7f3be1fef000-7f3be1ff0000 r--s 00010000 08:01 586832                     /usr/lib/jvm/java-8-openjdk-amd64/jre/lib/ext/zipfs.jar
7f3be1ff0000-7f3be1ff5000 r--s 0003c000 08:01 586831                     /usr/lib/jvm/java-8-openjdk-amd64/jre/lib/ext/sunjce_provider.jar
7f3be1ff5000-7f3be1ff6000 r--s 0000a000 08:01 586827                     /usr/lib/jvm/java-8-openjdk-amd64/jre/lib/ext/jaccess.jar
7f3be1ff6000-7f3be1ffe000 rw-s 00000000 08:01 32629                      /tmp/hsperfdata_appneta/7676
7f3be1ffe000-7f3be1fff000 rw-p 00000000 00:00 0 
7f3be1fff000-7f3be2000000 ---p 00000000 00:00 0 
7f3be2000000-7f3be2001000 rw-p 00000000 00:00 0 
7f3be2001000-7f3be2002000 r--p 00025000 08:01 28292                      /lib/x86_64-linux-gnu/ld-2.23.so
7f3be2002000-7f3be2003000 rw-p 00026000 08:01 28292                      /lib/x86_64-linux-gnu/ld-2.23.so
7f3be2003000-7f3be2004000 rw-p 00000000 00:00 0 
7ffc2ea62000-7ffc2ea83000 rw-p 00000000 00:00 0                          [stack]
7ffc2eb1b000-7ffc2eb1e000 r--p 00000000 00:00 0                          [vvar]
7ffc2eb1e000-7ffc2eb20000 r-xp 00000000 00:00 0                          [vdso]
ffffffffff600000-ffffffffff601000 r-xp 00000000 00:00 0                  [vsyscall]

VM Arguments:
jvm_args: -Dclassworlds.conf=/usr/share/maven/bin/m2.conf -Dmaven.home=/usr/share/maven -Dmaven.multiModuleProjectDirectory=/home/appneta/test/server 
java_command: org.codehaus.plexus.classworlds.launcher.Launcher help:effective-pom -Doutput=/home/appneta/.config/Code/User/workspaceStorage/1d1cd4a9ee21b279bce69565fa216ec4/vscjava.vscode-maven/4d51565baadd9889dfebf991af0dd897 -f /home/appneta/test/server/pom.xml
java_class_path (initial): /usr/share/maven/boot/plexus-classworlds-2.x.jar
Launcher Type: SUN_STANDARD

Environment Variables:
JAVA_HOME=/usr/lib/jvm/java-8-openjdk-amd64
PATH=/home/appneta/bin:/home/appneta/.local/bin:/usr/local/sbin:/usr/local/bin:/usr/sbin:/usr/bin:/sbin:/bin:/usr/games:/usr/local/games:/snap/bin
SHELL=
DISPLAY=:0

Signal Handlers:
SIGSEGV: [libjvm.so+0xa783e0], sa_mask[0]=11111111011111111101111111111110, sa_flags=SA_RESTART|SA_SIGINFO
SIGBUS: [libjvm.so+0xa783e0], sa_mask[0]=11111111011111111101111111111110, sa_flags=SA_RESTART|SA_SIGINFO
SIGFPE: [libjvm.so+0x8c0e10], sa_mask[0]=11111111011111111101111111111110, sa_flags=SA_RESTART|SA_SIGINFO
SIGPIPE: [libjvm.so+0x8c0e10], sa_mask[0]=11111111011111111101111111111110, sa_flags=SA_RESTART|SA_SIGINFO
SIGXFSZ: [libjvm.so+0x8c0e10], sa_mask[0]=11111111011111111101111111111110, sa_flags=SA_RESTART|SA_SIGINFO
SIGILL: [libjvm.so+0x8c0e10], sa_mask[0]=11111111011111111101111111111110, sa_flags=SA_RESTART|SA_SIGINFO
SIGUSR1: SIG_DFL, sa_mask[0]=00000000000000000000000000000000, sa_flags=none
SIGUSR2: [libjvm.so+0x8c0cc0], sa_mask[0]=00000000000000000000000000000000, sa_flags=SA_RESTART|SA_SIGINFO
SIGHUP: [libjvm.so+0x8c1350], sa_mask[0]=11111111011111111101111111111110, sa_flags=SA_RESTART|SA_SIGINFO
SIGINT: [libjvm.so+0x8c1350], sa_mask[0]=11111111011111111101111111111110, sa_flags=SA_RESTART|SA_SIGINFO
SIGTERM: [libjvm.so+0x8c1350], sa_mask[0]=11111111011111111101111111111110, sa_flags=SA_RESTART|SA_SIGINFO
SIGQUIT: [libjvm.so+0x8c1350], sa_mask[0]=11111111011111111101111111111110, sa_flags=SA_RESTART|SA_SIGINFO


---------------  S Y S T E M  ---------------

OS:DISTRIB_ID=Ubuntu
DISTRIB_RELEASE=16.04
DISTRIB_CODENAME=xenial
DISTRIB_DESCRIPTION="Ubuntu 16.04.6 LTS"

uname:Linux 4.4.0-164-generic #192-Ubuntu SMP Fri Sep 13 12:02:50 UTC 2019 x86_64
libc:glibc 2.23 NPTL 2.23 
rlimit: STACK 8192k, CORE 0k, NPROC 11943, NOFILE 1048576, AS infinity
load average:11.60 4.29 2.53

/proc/meminfo:
MemTotal:        3080140 kB
MemFree:           71680 kB
MemAvailable:      14644 kB
Buffers:             680 kB
Cached:            85104 kB
SwapCached:            0 kB
Active:          2781628 kB
Inactive:          73964 kB
Active(anon):    2773300 kB
Inactive(anon):    59016 kB
Active(file):       8328 kB
Inactive(file):    14948 kB
Unevictable:        3700 kB
Mlocked:            3700 kB
SwapTotal:             0 kB
SwapFree:              0 kB
Dirty:                72 kB
Writeback:             0 kB
AnonPages:       2773564 kB
Mapped:            73064 kB
Shmem:             60028 kB
Slab:              53640 kB
SReclaimable:      21556 kB
SUnreclaim:        32084 kB
KernelStack:       12288 kB
PageTables:        51920 kB
NFS_Unstable:          0 kB
Bounce:                0 kB
WritebackTmp:          0 kB
CommitLimit:     1540068 kB
Committed_AS:    7870104 kB
VmallocTotal:   34359738367 kB
VmallocUsed:           0 kB
VmallocChunk:          0 kB
HardwareCorrupted:     0 kB
AnonHugePages:         0 kB
CmaTotal:              0 kB
CmaFree:               0 kB
HugePages_Total:       0
HugePages_Free:        0
HugePages_Rsvd:        0
HugePages_Surp:        0
Hugepagesize:       2048 kB
DirectMap4k:      104384 kB
DirectMap2M:     3041280 kB

container (cgroup) information:
container_type: cgroupv1
cpu_cpuset_cpus: 0-1
cpu_memory_nodes: 0
active_processor_count: 2
cpu_quota: -1
cpu_period: 100000
cpu_shares: -1
memory_limit_in_bytes: -1
memory_and_swap_limit_in_bytes: -2
memory_soft_limit_in_bytes: -1
memory_usage_in_bytes: 2783666176
memory_max_usage_in_bytes: 2797903872


CPU:total 2 (initial active 2) (2 cores per cpu, 1 threads per core) family 6 model 69 stepping 1, cmov, cx8, fxsr, mmx, sse, sse2, sse3, ssse3, sse4.1, sse4.2, popcnt, avx, avx2, aes, clmul, lzcnt, tsc, tscinvbit

/proc/cpuinfo:
processor	: 0
vendor_id	: GenuineIntel
cpu family	: 6
model		: 69
model name	: Intel(R) Core(TM) i7-4510U CPU @ 2.00GHz
stepping	: 1
cpu MHz		: 2593.996
cache size	: 4096 KB
physical id	: 0
siblings	: 2
core id		: 0
cpu cores	: 2
apicid		: 0
initial apicid	: 0
fpu		: yes
fpu_exception	: yes
cpuid level	: 13
wp		: yes
flags		: fpu vme de pse tsc msr pae mce cx8 apic sep mtrr pge mca cmov pat pse36 clflush mmx fxsr sse sse2 ht syscall nx rdtscp lm constant_tsc rep_good nopl xtopology nonstop_tsc tsc_known_freq pni pclmulqdq ssse3 cx16 pcid sse4_1 sse4_2 x2apic movbe popcnt aes xsave avx rdrand hypervisor lahf_lm abm invpcid_single pti fsgsbase avx2 invpcid
bugs		: cpu_meltdown spectre_v1 spectre_v2 spec_store_bypass l1tf mds swapgs
bogomips	: 5187.99
clflush size	: 64
cache_alignment	: 64
address sizes	: 39 bits physical, 48 bits virtual
power management:

processor	: 1
vendor_id	: GenuineIntel
cpu family	: 6
model		: 69
model name	: Intel(R) Core(TM) i7-4510U CPU @ 2.00GHz
stepping	: 1
cpu MHz		: 2593.996
cache size	: 4096 KB
physical id	: 0
siblings	: 2
core id		: 1
cpu cores	: 2
apicid		: 1
initial apicid	: 1
fpu		: yes
fpu_exception	: yes
cpuid level	: 13
wp		: yes
flags		: fpu vme de pse tsc msr pae mce cx8 apic sep mtrr pge mca cmov pat pse36 clflush mmx fxsr sse sse2 ht syscall nx rdtscp lm constant_tsc rep_good nopl xtopology nonstop_tsc tsc_known_freq pni pclmulqdq ssse3 cx16 pcid sse4_1 sse4_2 x2apic movbe popcnt aes xsave avx rdrand hypervisor lahf_lm abm invpcid_single pti fsgsbase avx2 invpcid
bugs		: cpu_meltdown spectre_v1 spectre_v2 spec_store_bypass l1tf mds swapgs
bogomips	: 5187.99
clflush size	: 64
cache_alignment	: 64
address sizes	: 39 bits physical, 48 bits virtual
power management:



Memory: 4k page, physical 3080140k(72080k free), swap 0k(0k free)

vm_info: OpenJDK 64-Bit Server VM (25.222-b10) for linux-amd64 JRE (1.8.0_222-8u222-b10-1ubuntu1~16.04.1-b10), built on Jul 18 2019 20:25:18 by "buildd" with gcc 5.4.0 20160609

time: Wed Oct  2 07:00:22 2019
timezone: UTC
elapsed time: 97 seconds (0d 0h 1m 37s)

